
*** Running vivado
    with args -log reg_lib.vds -m64 -product Vivado -mode batch -messageDb vivado.pb -notrace -source reg_lib.tcl


****** Vivado v2018.2 (64-bit)
  **** SW Build 2258646 on Thu Jun 14 20:03:12 MDT 2018
  **** IP Build 2256618 on Thu Jun 14 22:10:49 MDT 2018
    ** Copyright 1986-2018 Xilinx, Inc. All Rights Reserved.

source reg_lib.tcl -notrace
Command: synth_design -top reg_lib -part xc7z020clg400-1 -mode out_of_context
Starting synth_design
Attempting to get a license for feature 'Synthesis' and/or device 'xc7z020'
INFO: [Common 17-349] Got license for feature 'Synthesis' and/or device 'xc7z020'
INFO: Launching helper process for spawning children vivado processes
INFO: Helper process launched with PID 19568 
---------------------------------------------------------------------------------
Starting RTL Elaboration : Time (s): cpu = 00:00:05 ; elapsed = 00:00:07 . Memory (MB): peak = 383.016 ; gain = 99.555
---------------------------------------------------------------------------------
INFO: [Synth 8-638] synthesizing module 'reg_lib' [d:/Studying/Academic/HCMUT/222/ComputerArchitecture/Assignments/ThayBinh/Mips_Pipeline/Pipeline.srcs/sources_1/ip/reg_lib_1/synth/reg_lib.vhd:79]
	Parameter C_FAMILY bound to: zynq - type: string 
	Parameter C_XDEVICEFAMILY bound to: zynq - type: string 
	Parameter C_ELABORATION_DIR bound to: ./ - type: string 
	Parameter C_INTERFACE_TYPE bound to: 0 - type: integer 
	Parameter C_AXI_TYPE bound to: 1 - type: integer 
	Parameter C_AXI_SLAVE_TYPE bound to: 0 - type: integer 
	Parameter C_USE_BRAM_BLOCK bound to: 0 - type: integer 
	Parameter C_ENABLE_32BIT_ADDRESS bound to: 0 - type: integer 
	Parameter C_CTRL_ECC_ALGO bound to: NONE - type: string 
	Parameter C_HAS_AXI_ID bound to: 0 - type: integer 
	Parameter C_AXI_ID_WIDTH bound to: 4 - type: integer 
	Parameter C_MEM_TYPE bound to: 2 - type: integer 
	Parameter C_BYTE_SIZE bound to: 8 - type: integer 
	Parameter C_ALGORITHM bound to: 1 - type: integer 
	Parameter C_PRIM_TYPE bound to: 1 - type: integer 
	Parameter C_LOAD_INIT_FILE bound to: 1 - type: integer 
	Parameter C_INIT_FILE_NAME bound to: reg_lib.mif - type: string 
	Parameter C_INIT_FILE bound to: reg_lib.mem - type: string 
	Parameter C_USE_DEFAULT_DATA bound to: 0 - type: integer 
	Parameter C_DEFAULT_DATA bound to: 0 - type: string 
	Parameter C_HAS_RSTA bound to: 1 - type: integer 
	Parameter C_RST_PRIORITY_A bound to: CE - type: string 
	Parameter C_RSTRAM_A bound to: 0 - type: integer 
	Parameter C_INITA_VAL bound to: 0 - type: string 
	Parameter C_HAS_ENA bound to: 0 - type: integer 
	Parameter C_HAS_REGCEA bound to: 0 - type: integer 
	Parameter C_USE_BYTE_WEA bound to: 1 - type: integer 
	Parameter C_WEA_WIDTH bound to: 4 - type: integer 
	Parameter C_WRITE_MODE_A bound to: WRITE_FIRST - type: string 
	Parameter C_WRITE_WIDTH_A bound to: 32 - type: integer 
	Parameter C_READ_WIDTH_A bound to: 32 - type: integer 
	Parameter C_WRITE_DEPTH_A bound to: 32 - type: integer 
	Parameter C_READ_DEPTH_A bound to: 32 - type: integer 
	Parameter C_ADDRA_WIDTH bound to: 5 - type: integer 
	Parameter C_HAS_RSTB bound to: 1 - type: integer 
	Parameter C_RST_PRIORITY_B bound to: CE - type: string 
	Parameter C_RSTRAM_B bound to: 0 - type: integer 
	Parameter C_INITB_VAL bound to: 0 - type: string 
	Parameter C_HAS_ENB bound to: 1 - type: integer 
	Parameter C_HAS_REGCEB bound to: 0 - type: integer 
	Parameter C_USE_BYTE_WEB bound to: 1 - type: integer 
	Parameter C_WEB_WIDTH bound to: 4 - type: integer 
	Parameter C_WRITE_MODE_B bound to: WRITE_FIRST - type: string 
	Parameter C_WRITE_WIDTH_B bound to: 32 - type: integer 
	Parameter C_READ_WIDTH_B bound to: 32 - type: integer 
	Parameter C_WRITE_DEPTH_B bound to: 32 - type: integer 
	Parameter C_READ_DEPTH_B bound to: 32 - type: integer 
	Parameter C_ADDRB_WIDTH bound to: 5 - type: integer 
	Parameter C_HAS_MEM_OUTPUT_REGS_A bound to: 0 - type: integer 
	Parameter C_HAS_MEM_OUTPUT_REGS_B bound to: 0 - type: integer 
	Parameter C_HAS_MUX_OUTPUT_REGS_A bound to: 0 - type: integer 
	Parameter C_HAS_MUX_OUTPUT_REGS_B bound to: 0 - type: integer 
	Parameter C_MUX_PIPELINE_STAGES bound to: 0 - type: integer 
	Parameter C_HAS_SOFTECC_INPUT_REGS_A bound to: 0 - type: integer 
	Parameter C_HAS_SOFTECC_OUTPUT_REGS_B bound to: 0 - type: integer 
	Parameter C_USE_SOFTECC bound to: 0 - type: integer 
	Parameter C_USE_ECC bound to: 0 - type: integer 
	Parameter C_EN_ECC_PIPE bound to: 0 - type: integer 
	Parameter C_HAS_INJECTERR bound to: 0 - type: integer 
	Parameter C_SIM_COLLISION_CHECK bound to: ALL - type: string 
	Parameter C_COMMON_CLK bound to: 0 - type: integer 
	Parameter C_DISABLE_WARN_BHV_COLL bound to: 0 - type: integer 
	Parameter C_EN_SLEEP_PIN bound to: 0 - type: integer 
	Parameter C_USE_URAM bound to: 0 - type: integer 
	Parameter C_EN_RDADDRA_CHG bound to: 0 - type: integer 
	Parameter C_EN_RDADDRB_CHG bound to: 0 - type: integer 
	Parameter C_EN_DEEPSLEEP_PIN bound to: 0 - type: integer 
	Parameter C_EN_SHUTDOWN_PIN bound to: 0 - type: integer 
	Parameter C_EN_SAFETY_CKT bound to: 1 - type: integer 
	Parameter C_DISABLE_WARN_BHV_RANGE bound to: 0 - type: integer 
	Parameter C_COUNT_36K_BRAM bound to: 1 - type: string 
	Parameter C_COUNT_18K_BRAM bound to: 0 - type: string 
	Parameter C_EST_POWER_SUMMARY bound to: Estimated Power for IP     :     5.9299 mW - type: string 
INFO: [Synth 8-3491] module 'blk_mem_gen_v8_4_1' declared at 'd:/Studying/Academic/HCMUT/222/ComputerArchitecture/Assignments/ThayBinh/Mips_Pipeline/Pipeline.srcs/sources_1/ip/reg_lib_1/hdl/blk_mem_gen_v8_4_vhsyn_rfs.vhd:195313' bound to instance 'U0' of component 'blk_mem_gen_v8_4_1' [d:/Studying/Academic/HCMUT/222/ComputerArchitecture/Assignments/ThayBinh/Mips_Pipeline/Pipeline.srcs/sources_1/ip/reg_lib_1/synth/reg_lib.vhd:251]
INFO: [Synth 8-256] done synthesizing module 'reg_lib' (9#1) [d:/Studying/Academic/HCMUT/222/ComputerArchitecture/Assignments/ThayBinh/Mips_Pipeline/Pipeline.srcs/sources_1/ip/reg_lib_1/synth/reg_lib.vhd:79]
WARNING: [Synth 8-3331] design blk_mem_gen_prim_wrapper_init has unconnected port SSRA
WARNING: [Synth 8-3331] design blk_mem_gen_prim_wrapper_init has unconnected port SSRB
WARNING: [Synth 8-3331] design blk_mem_gen_prim_wrapper_init has unconnected port SLEEP
WARNING: [Synth 8-3331] design blk_mem_gen_prim_wrapper_init has unconnected port INJECTSBITERR
WARNING: [Synth 8-3331] design blk_mem_gen_prim_wrapper_init has unconnected port INJECTDBITERR
WARNING: [Synth 8-3331] design blk_mem_gen_prim_wrapper_init has unconnected port ECCPIPECE
WARNING: [Synth 8-3331] design blk_mem_gen_generic_cstr has unconnected port REGCEA[0]
WARNING: [Synth 8-3331] design blk_mem_gen_generic_cstr has unconnected port REGCEB[0]
WARNING: [Synth 8-3331] design blk_mem_gen_generic_cstr has unconnected port INJECTSBITERR
WARNING: [Synth 8-3331] design blk_mem_gen_generic_cstr has unconnected port INJECTDBITERR
WARNING: [Synth 8-3331] design blk_mem_output_block has unconnected port CLKB
WARNING: [Synth 8-3331] design blk_mem_output_block has unconnected port SBITERR_I
WARNING: [Synth 8-3331] design blk_mem_output_block has unconnected port DBITERR_I
WARNING: [Synth 8-3331] design blk_mem_output_block has unconnected port RDADDRECC_I[4]
WARNING: [Synth 8-3331] design blk_mem_output_block has unconnected port RDADDRECC_I[3]
WARNING: [Synth 8-3331] design blk_mem_output_block has unconnected port RDADDRECC_I[2]
WARNING: [Synth 8-3331] design blk_mem_output_block has unconnected port RDADDRECC_I[1]
WARNING: [Synth 8-3331] design blk_mem_output_block has unconnected port RDADDRECC_I[0]
WARNING: [Synth 8-3331] design blk_mem_input_block has unconnected port ENA
WARNING: [Synth 8-3331] design blk_mem_input_block has unconnected port REGCEA
WARNING: [Synth 8-3331] design blk_mem_input_block has unconnected port REGCEB
WARNING: [Synth 8-3331] design blk_mem_input_block has unconnected port INJECTDBITERR
WARNING: [Synth 8-3331] design blk_mem_input_block has unconnected port INJECTSBITERR
WARNING: [Synth 8-3331] design blk_mem_gen_v8_4_1_synth has unconnected port S_AClk
WARNING: [Synth 8-3331] design blk_mem_gen_v8_4_1_synth has unconnected port S_ARESETN
WARNING: [Synth 8-3331] design blk_mem_gen_v8_4_1_synth has unconnected port S_AXI_AWID[3]
WARNING: [Synth 8-3331] design blk_mem_gen_v8_4_1_synth has unconnected port S_AXI_AWID[2]
WARNING: [Synth 8-3331] design blk_mem_gen_v8_4_1_synth has unconnected port S_AXI_AWID[1]
WARNING: [Synth 8-3331] design blk_mem_gen_v8_4_1_synth has unconnected port S_AXI_AWID[0]
WARNING: [Synth 8-3331] design blk_mem_gen_v8_4_1_synth has unconnected port S_AXI_AWADDR[31]
WARNING: [Synth 8-3331] design blk_mem_gen_v8_4_1_synth has unconnected port S_AXI_AWADDR[30]
WARNING: [Synth 8-3331] design blk_mem_gen_v8_4_1_synth has unconnected port S_AXI_AWADDR[29]
WARNING: [Synth 8-3331] design blk_mem_gen_v8_4_1_synth has unconnected port S_AXI_AWADDR[28]
WARNING: [Synth 8-3331] design blk_mem_gen_v8_4_1_synth has unconnected port S_AXI_AWADDR[27]
WARNING: [Synth 8-3331] design blk_mem_gen_v8_4_1_synth has unconnected port S_AXI_AWADDR[26]
WARNING: [Synth 8-3331] design blk_mem_gen_v8_4_1_synth has unconnected port S_AXI_AWADDR[25]
WARNING: [Synth 8-3331] design blk_mem_gen_v8_4_1_synth has unconnected port S_AXI_AWADDR[24]
WARNING: [Synth 8-3331] design blk_mem_gen_v8_4_1_synth has unconnected port S_AXI_AWADDR[23]
WARNING: [Synth 8-3331] design blk_mem_gen_v8_4_1_synth has unconnected port S_AXI_AWADDR[22]
WARNING: [Synth 8-3331] design blk_mem_gen_v8_4_1_synth has unconnected port S_AXI_AWADDR[21]
WARNING: [Synth 8-3331] design blk_mem_gen_v8_4_1_synth has unconnected port S_AXI_AWADDR[20]
WARNING: [Synth 8-3331] design blk_mem_gen_v8_4_1_synth has unconnected port S_AXI_AWADDR[19]
WARNING: [Synth 8-3331] design blk_mem_gen_v8_4_1_synth has unconnected port S_AXI_AWADDR[18]
WARNING: [Synth 8-3331] design blk_mem_gen_v8_4_1_synth has unconnected port S_AXI_AWADDR[17]
WARNING: [Synth 8-3331] design blk_mem_gen_v8_4_1_synth has unconnected port S_AXI_AWADDR[16]
WARNING: [Synth 8-3331] design blk_mem_gen_v8_4_1_synth has unconnected port S_AXI_AWADDR[15]
WARNING: [Synth 8-3331] design blk_mem_gen_v8_4_1_synth has unconnected port S_AXI_AWADDR[14]
WARNING: [Synth 8-3331] design blk_mem_gen_v8_4_1_synth has unconnected port S_AXI_AWADDR[13]
WARNING: [Synth 8-3331] design blk_mem_gen_v8_4_1_synth has unconnected port S_AXI_AWADDR[12]
WARNING: [Synth 8-3331] design blk_mem_gen_v8_4_1_synth has unconnected port S_AXI_AWADDR[11]
WARNING: [Synth 8-3331] design blk_mem_gen_v8_4_1_synth has unconnected port S_AXI_AWADDR[10]
WARNING: [Synth 8-3331] design blk_mem_gen_v8_4_1_synth has unconnected port S_AXI_AWADDR[9]
WARNING: [Synth 8-3331] design blk_mem_gen_v8_4_1_synth has unconnected port S_AXI_AWADDR[8]
WARNING: [Synth 8-3331] design blk_mem_gen_v8_4_1_synth has unconnected port S_AXI_AWADDR[7]
WARNING: [Synth 8-3331] design blk_mem_gen_v8_4_1_synth has unconnected port S_AXI_AWADDR[6]
WARNING: [Synth 8-3331] design blk_mem_gen_v8_4_1_synth has unconnected port S_AXI_AWADDR[5]
WARNING: [Synth 8-3331] design blk_mem_gen_v8_4_1_synth has unconnected port S_AXI_AWADDR[4]
WARNING: [Synth 8-3331] design blk_mem_gen_v8_4_1_synth has unconnected port S_AXI_AWADDR[3]
WARNING: [Synth 8-3331] design blk_mem_gen_v8_4_1_synth has unconnected port S_AXI_AWADDR[2]
WARNING: [Synth 8-3331] design blk_mem_gen_v8_4_1_synth has unconnected port S_AXI_AWADDR[1]
WARNING: [Synth 8-3331] design blk_mem_gen_v8_4_1_synth has unconnected port S_AXI_AWADDR[0]
WARNING: [Synth 8-3331] design blk_mem_gen_v8_4_1_synth has unconnected port S_AXI_AWLEN[7]
WARNING: [Synth 8-3331] design blk_mem_gen_v8_4_1_synth has unconnected port S_AXI_AWLEN[6]
WARNING: [Synth 8-3331] design blk_mem_gen_v8_4_1_synth has unconnected port S_AXI_AWLEN[5]
WARNING: [Synth 8-3331] design blk_mem_gen_v8_4_1_synth has unconnected port S_AXI_AWLEN[4]
WARNING: [Synth 8-3331] design blk_mem_gen_v8_4_1_synth has unconnected port S_AXI_AWLEN[3]
WARNING: [Synth 8-3331] design blk_mem_gen_v8_4_1_synth has unconnected port S_AXI_AWLEN[2]
WARNING: [Synth 8-3331] design blk_mem_gen_v8_4_1_synth has unconnected port S_AXI_AWLEN[1]
WARNING: [Synth 8-3331] design blk_mem_gen_v8_4_1_synth has unconnected port S_AXI_AWLEN[0]
WARNING: [Synth 8-3331] design blk_mem_gen_v8_4_1_synth has unconnected port S_AXI_AWSIZE[2]
WARNING: [Synth 8-3331] design blk_mem_gen_v8_4_1_synth has unconnected port S_AXI_AWSIZE[1]
WARNING: [Synth 8-3331] design blk_mem_gen_v8_4_1_synth has unconnected port S_AXI_AWSIZE[0]
WARNING: [Synth 8-3331] design blk_mem_gen_v8_4_1_synth has unconnected port S_AXI_AWBURST[1]
WARNING: [Synth 8-3331] design blk_mem_gen_v8_4_1_synth has unconnected port S_AXI_AWBURST[0]
WARNING: [Synth 8-3331] design blk_mem_gen_v8_4_1_synth has unconnected port S_AXI_AWVALID
WARNING: [Synth 8-3331] design blk_mem_gen_v8_4_1_synth has unconnected port S_AXI_WDATA[31]
WARNING: [Synth 8-3331] design blk_mem_gen_v8_4_1_synth has unconnected port S_AXI_WDATA[30]
WARNING: [Synth 8-3331] design blk_mem_gen_v8_4_1_synth has unconnected port S_AXI_WDATA[29]
WARNING: [Synth 8-3331] design blk_mem_gen_v8_4_1_synth has unconnected port S_AXI_WDATA[28]
WARNING: [Synth 8-3331] design blk_mem_gen_v8_4_1_synth has unconnected port S_AXI_WDATA[27]
WARNING: [Synth 8-3331] design blk_mem_gen_v8_4_1_synth has unconnected port S_AXI_WDATA[26]
WARNING: [Synth 8-3331] design blk_mem_gen_v8_4_1_synth has unconnected port S_AXI_WDATA[25]
WARNING: [Synth 8-3331] design blk_mem_gen_v8_4_1_synth has unconnected port S_AXI_WDATA[24]
WARNING: [Synth 8-3331] design blk_mem_gen_v8_4_1_synth has unconnected port S_AXI_WDATA[23]
WARNING: [Synth 8-3331] design blk_mem_gen_v8_4_1_synth has unconnected port S_AXI_WDATA[22]
WARNING: [Synth 8-3331] design blk_mem_gen_v8_4_1_synth has unconnected port S_AXI_WDATA[21]
WARNING: [Synth 8-3331] design blk_mem_gen_v8_4_1_synth has unconnected port S_AXI_WDATA[20]
WARNING: [Synth 8-3331] design blk_mem_gen_v8_4_1_synth has unconnected port S_AXI_WDATA[19]
WARNING: [Synth 8-3331] design blk_mem_gen_v8_4_1_synth has unconnected port S_AXI_WDATA[18]
WARNING: [Synth 8-3331] design blk_mem_gen_v8_4_1_synth has unconnected port S_AXI_WDATA[17]
WARNING: [Synth 8-3331] design blk_mem_gen_v8_4_1_synth has unconnected port S_AXI_WDATA[16]
WARNING: [Synth 8-3331] design blk_mem_gen_v8_4_1_synth has unconnected port S_AXI_WDATA[15]
WARNING: [Synth 8-3331] design blk_mem_gen_v8_4_1_synth has unconnected port S_AXI_WDATA[14]
WARNING: [Synth 8-3331] design blk_mem_gen_v8_4_1_synth has unconnected port S_AXI_WDATA[13]
WARNING: [Synth 8-3331] design blk_mem_gen_v8_4_1_synth has unconnected port S_AXI_WDATA[12]
WARNING: [Synth 8-3331] design blk_mem_gen_v8_4_1_synth has unconnected port S_AXI_WDATA[11]
WARNING: [Synth 8-3331] design blk_mem_gen_v8_4_1_synth has unconnected port S_AXI_WDATA[10]
WARNING: [Synth 8-3331] design blk_mem_gen_v8_4_1_synth has unconnected port S_AXI_WDATA[9]
WARNING: [Synth 8-3331] design blk_mem_gen_v8_4_1_synth has unconnected port S_AXI_WDATA[8]
WARNING: [Synth 8-3331] design blk_mem_gen_v8_4_1_synth has unconnected port S_AXI_WDATA[7]
INFO: [Common 17-14] Message 'Synth 8-3331' appears 100 times and further instances of the messages will be disabled. Use the Tcl command set_msg_config to change the current settings.
---------------------------------------------------------------------------------
Finished RTL Elaboration : Time (s): cpu = 00:00:42 ; elapsed = 00:00:46 . Memory (MB): peak = 649.145 ; gain = 365.684
---------------------------------------------------------------------------------

Report Check Netlist: 
+------+------------------+-------+---------+-------+------------------+
|      |Item              |Errors |Warnings |Status |Description       |
+------+------------------+-------+---------+-------+------------------+
|1     |multi_driven_nets |      0|        0|Passed |Multi driven nets |
+------+------------------+-------+---------+-------+------------------+
---------------------------------------------------------------------------------
Start Handling Custom Attributes
---------------------------------------------------------------------------------
---------------------------------------------------------------------------------
Finished Handling Custom Attributes : Time (s): cpu = 00:00:42 ; elapsed = 00:00:46 . Memory (MB): peak = 649.145 ; gain = 365.684
---------------------------------------------------------------------------------
---------------------------------------------------------------------------------
Finished RTL Optimization Phase 1 : Time (s): cpu = 00:00:42 ; elapsed = 00:00:46 . Memory (MB): peak = 649.145 ; gain = 365.684
---------------------------------------------------------------------------------
INFO: [Netlist 29-17] Analyzing 1 Unisim elements for replacement
INFO: [Netlist 29-28] Unisim Transformation completed in 0 CPU seconds
INFO: [Device 21-403] Loading part xc7z020clg400-1
INFO: [Project 1-570] Preparing netlist for logic optimization

Processing XDC Constraints
Initializing timing engine
Parsing XDC File [d:/Studying/Academic/HCMUT/222/ComputerArchitecture/Assignments/ThayBinh/Mips_Pipeline/Pipeline.srcs/sources_1/ip/reg_lib_1/reg_lib_ooc.xdc] for cell 'U0'
Finished Parsing XDC File [d:/Studying/Academic/HCMUT/222/ComputerArchitecture/Assignments/ThayBinh/Mips_Pipeline/Pipeline.srcs/sources_1/ip/reg_lib_1/reg_lib_ooc.xdc] for cell 'U0'
Parsing XDC File [D:/Studying/Academic/HCMUT/222/ComputerArchitecture/Assignments/ThayBinh/Mips_Pipeline/Pipeline.runs/reg_lib_synth_1/dont_touch.xdc]
Finished Parsing XDC File [D:/Studying/Academic/HCMUT/222/ComputerArchitecture/Assignments/ThayBinh/Mips_Pipeline/Pipeline.runs/reg_lib_synth_1/dont_touch.xdc]
Completed Processing XDC Constraints

INFO: [Project 1-111] Unisim Transformation Summary:
No Unisim elements were transformed.

Constraint Validation Runtime : Time (s): cpu = 00:00:00 ; elapsed = 00:00:00.018 . Memory (MB): peak = 726.789 ; gain = 1.375
---------------------------------------------------------------------------------
Finished Constraint Validation : Time (s): cpu = 00:00:51 ; elapsed = 00:00:57 . Memory (MB): peak = 726.789 ; gain = 443.328
---------------------------------------------------------------------------------
---------------------------------------------------------------------------------
Start Loading Part and Timing Information
---------------------------------------------------------------------------------
Loading part: xc7z020clg400-1
---------------------------------------------------------------------------------
Finished Loading Part and Timing Information : Time (s): cpu = 00:00:51 ; elapsed = 00:00:57 . Memory (MB): peak = 726.789 ; gain = 443.328
---------------------------------------------------------------------------------
---------------------------------------------------------------------------------
Start Applying 'set_property' XDC Constraints
---------------------------------------------------------------------------------
Applied set_property DONT_TOUCH = true for U0. (constraint file  D:/Studying/Academic/HCMUT/222/ComputerArchitecture/Assignments/ThayBinh/Mips_Pipeline/Pipeline.runs/reg_lib_synth_1/dont_touch.xdc, line 9).
---------------------------------------------------------------------------------
Finished applying 'set_property' XDC Constraints : Time (s): cpu = 00:00:51 ; elapsed = 00:00:57 . Memory (MB): peak = 726.789 ; gain = 443.328
---------------------------------------------------------------------------------
---------------------------------------------------------------------------------
Finished RTL Optimization Phase 2 : Time (s): cpu = 00:00:51 ; elapsed = 00:00:57 . Memory (MB): peak = 726.789 ; gain = 443.328
---------------------------------------------------------------------------------

Report RTL Partitions: 
+-+--------------+------------+----------+
| |RTL Partition |Replication |Instances |
+-+--------------+------------+----------+
+-+--------------+------------+----------+
---------------------------------------------------------------------------------
Start RTL Component Statistics 
---------------------------------------------------------------------------------
Detailed RTL Component Info : 
+---XORs : 
	   2 Input      1 Bit         XORs := 2     
+---Registers : 
	                5 Bit    Registers := 2     
	                1 Bit    Registers := 8     
---------------------------------------------------------------------------------
Finished RTL Component Statistics 
---------------------------------------------------------------------------------
---------------------------------------------------------------------------------
Start RTL Hierarchical Component Statistics 
---------------------------------------------------------------------------------
Hierarchical RTL Component report 
Module blk_mem_gen_prim_width 
Detailed RTL Component Info : 
+---XORs : 
	   2 Input      1 Bit         XORs := 2     
+---Registers : 
	                5 Bit    Registers := 2     
	                1 Bit    Registers := 8     
---------------------------------------------------------------------------------
Finished RTL Hierarchical Component Statistics
---------------------------------------------------------------------------------
---------------------------------------------------------------------------------
Start Part Resource Summary
---------------------------------------------------------------------------------
Part Resources:
DSPs: 220 (col length:60)
BRAMs: 280 (col length: RAMB18 60 RAMB36 30)
---------------------------------------------------------------------------------
Finished Part Resource Summary
---------------------------------------------------------------------------------
---------------------------------------------------------------------------------
Start Cross Boundary and Area Optimization
---------------------------------------------------------------------------------
Warning: Parallel synthesis criteria is not met 
---------------------------------------------------------------------------------
Finished Cross Boundary and Area Optimization : Time (s): cpu = 00:00:52 ; elapsed = 00:00:57 . Memory (MB): peak = 726.789 ; gain = 443.328
---------------------------------------------------------------------------------

Report RTL Partitions: 
+-+--------------+------------+----------+
| |RTL Partition |Replication |Instances |
+-+--------------+------------+----------+
+-+--------------+------------+----------+
---------------------------------------------------------------------------------
Start Applying XDC Timing Constraints
---------------------------------------------------------------------------------
---------------------------------------------------------------------------------
Finished Applying XDC Timing Constraints : Time (s): cpu = 00:00:59 ; elapsed = 00:01:06 . Memory (MB): peak = 795.195 ; gain = 511.734
---------------------------------------------------------------------------------
---------------------------------------------------------------------------------
Start Timing Optimization
---------------------------------------------------------------------------------
---------------------------------------------------------------------------------
Finished Timing Optimization : Time (s): cpu = 00:00:59 ; elapsed = 00:01:06 . Memory (MB): peak = 804.828 ; gain = 521.367
---------------------------------------------------------------------------------

Report RTL Partitions: 
+-+--------------+------------+----------+
| |RTL Partition |Replication |Instances |
+-+--------------+------------+----------+
+-+--------------+------------+----------+
---------------------------------------------------------------------------------
Start Technology Mapping
---------------------------------------------------------------------------------
---------------------------------------------------------------------------------
Finished Technology Mapping : Time (s): cpu = 00:00:59 ; elapsed = 00:01:06 . Memory (MB): peak = 805.359 ; gain = 521.898
---------------------------------------------------------------------------------

Report RTL Partitions: 
+-+--------------+------------+----------+
| |RTL Partition |Replication |Instances |
+-+--------------+------------+----------+
+-+--------------+------------+----------+
---------------------------------------------------------------------------------
Start IO Insertion
---------------------------------------------------------------------------------
---------------------------------------------------------------------------------
Start Flattening Before IO Insertion
---------------------------------------------------------------------------------
---------------------------------------------------------------------------------
Finished Flattening Before IO Insertion
---------------------------------------------------------------------------------
---------------------------------------------------------------------------------
Start Final Netlist Cleanup
---------------------------------------------------------------------------------
---------------------------------------------------------------------------------
Finished Final Netlist Cleanup
---------------------------------------------------------------------------------
---------------------------------------------------------------------------------
Finished IO Insertion : Time (s): cpu = 00:01:00 ; elapsed = 00:01:07 . Memory (MB): peak = 805.359 ; gain = 521.898
---------------------------------------------------------------------------------

Report Check Netlist: 
+------+------------------+-------+---------+-------+------------------+
|      |Item              |Errors |Warnings |Status |Description       |
+------+------------------+-------+---------+-------+------------------+
|1     |multi_driven_nets |      0|        0|Passed |Multi driven nets |
+------+------------------+-------+---------+-------+------------------+
---------------------------------------------------------------------------------
Start Renaming Generated Instances
---------------------------------------------------------------------------------
---------------------------------------------------------------------------------
Finished Renaming Generated Instances : Time (s): cpu = 00:01:00 ; elapsed = 00:01:07 . Memory (MB): peak = 805.359 ; gain = 521.898
---------------------------------------------------------------------------------

Report RTL Partitions: 
+-+--------------+------------+----------+
| |RTL Partition |Replication |Instances |
+-+--------------+------------+----------+
+-+--------------+------------+----------+
---------------------------------------------------------------------------------
Start Rebuilding User Hierarchy
---------------------------------------------------------------------------------
---------------------------------------------------------------------------------
Finished Rebuilding User Hierarchy : Time (s): cpu = 00:01:00 ; elapsed = 00:01:07 . Memory (MB): peak = 805.359 ; gain = 521.898
---------------------------------------------------------------------------------
---------------------------------------------------------------------------------
Start Renaming Generated Ports
---------------------------------------------------------------------------------
---------------------------------------------------------------------------------
Finished Renaming Generated Ports : Time (s): cpu = 00:01:00 ; elapsed = 00:01:07 . Memory (MB): peak = 805.359 ; gain = 521.898
---------------------------------------------------------------------------------
---------------------------------------------------------------------------------
Start Handling Custom Attributes
---------------------------------------------------------------------------------
---------------------------------------------------------------------------------
Finished Handling Custom Attributes : Time (s): cpu = 00:01:00 ; elapsed = 00:01:07 . Memory (MB): peak = 805.359 ; gain = 521.898
---------------------------------------------------------------------------------
---------------------------------------------------------------------------------
Start Renaming Generated Nets
---------------------------------------------------------------------------------
---------------------------------------------------------------------------------
Finished Renaming Generated Nets : Time (s): cpu = 00:01:00 ; elapsed = 00:01:07 . Memory (MB): peak = 805.359 ; gain = 521.898
---------------------------------------------------------------------------------
---------------------------------------------------------------------------------
Start ROM, RAM, DSP and Shift Register Reporting
---------------------------------------------------------------------------------

Static Shift Register Report:
+-------------------+-----------------------------------------------------------------------------------------------------------------------+--------+-------+--------------+--------------------+-------------------+--------+---------+
|Module Name        | RTL Name                                                                                                              | Length | Width | Reset Signal | Pull out first Reg | Pull out last Reg | SRL16E | SRLC32E | 
+-------------------+-----------------------------------------------------------------------------------------------------------------------+--------+-------+--------------+--------------------+-------------------+--------+---------+
|blk_mem_gen_v8_4_1 | inst_blk_mem_gen/gnbram.gnativebmg.native_blk_mem_gen/valid.cstr/ramloop[0].ram.r/SAFETY_CKT_GEN.RSTA_SHFT_REG_reg[4] | 4      | 2     | NO           | NO                 | YES               | 2      | 0       | 
+-------------------+-----------------------------------------------------------------------------------------------------------------------+--------+-------+--------------+--------------------+-------------------+--------+---------+

---------------------------------------------------------------------------------
Finished ROM, RAM, DSP and Shift Register Reporting
---------------------------------------------------------------------------------
---------------------------------------------------------------------------------
Start Writing Synthesis Report
---------------------------------------------------------------------------------

Report BlackBoxes: 
+-+--------------+----------+
| |BlackBox name |Instances |
+-+--------------+----------+
+-+--------------+----------+

Report Cell Usage: 
+------+---------+------+
|      |Cell     |Count |
+------+---------+------+
|1     |LUT2     |     5|
|2     |LUT4     |     2|
|3     |RAMB36E1 |     1|
|4     |SRL16E   |     2|
|5     |FDRE     |    12|
+------+---------+------+

Report Instance Areas: 
+------+---------------------------------------------+------------------------------+------+
|      |Instance                                     |Module                        |Cells |
+------+---------------------------------------------+------------------------------+------+
|1     |top                                          |                              |    22|
|2     |  U0                                         |blk_mem_gen_v8_4_1            |    22|
|3     |    inst_blk_mem_gen                         |blk_mem_gen_v8_4_1_synth      |    22|
|4     |      \gnbram.gnativebmg.native_blk_mem_gen  |blk_mem_gen_top               |    22|
|5     |        \valid.cstr                          |blk_mem_gen_generic_cstr      |    22|
|6     |          \ramloop[0].ram.r                  |blk_mem_gen_prim_width        |    22|
|7     |            \prim_init.ram                   |blk_mem_gen_prim_wrapper_init |     4|
+------+---------------------------------------------+------------------------------+------+
---------------------------------------------------------------------------------
Finished Writing Synthesis Report : Time (s): cpu = 00:01:00 ; elapsed = 00:01:07 . Memory (MB): peak = 805.359 ; gain = 521.898
---------------------------------------------------------------------------------
Synthesis finished with 0 errors, 0 critical warnings and 153 warnings.
Synthesis Optimization Runtime : Time (s): cpu = 00:00:11 ; elapsed = 00:00:58 . Memory (MB): peak = 805.359 ; gain = 444.254
Synthesis Optimization Complete : Time (s): cpu = 00:01:00 ; elapsed = 00:01:07 . Memory (MB): peak = 805.359 ; gain = 521.898
INFO: [Project 1-571] Translating synthesized netlist
INFO: [Netlist 29-17] Analyzing 1 Unisim elements for replacement
INFO: [Netlist 29-28] Unisim Transformation completed in 0 CPU seconds
INFO: [Project 1-570] Preparing netlist for logic optimization
INFO: [Opt 31-138] Pushed 0 inverter(s) to 0 load pin(s).
INFO: [Project 1-111] Unisim Transformation Summary:
No Unisim elements were transformed.

INFO: [Common 17-83] Releasing license: Synthesis
17 Infos, 100 Warnings, 0 Critical Warnings and 0 Errors encountered.
synth_design completed successfully
synth_design: Time (s): cpu = 00:01:01 ; elapsed = 00:01:09 . Memory (MB): peak = 819.914 ; gain = 543.289
WARNING: [Constraints 18-5210] No constraint will be written out.
INFO: [Common 17-1381] The checkpoint 'D:/Studying/Academic/HCMUT/222/ComputerArchitecture/Assignments/ThayBinh/Mips_Pipeline/Pipeline.runs/reg_lib_synth_1/reg_lib.dcp' has been generated.
