#-----------------------------------------------------------
# Vivado v2018.2 (64-bit)
# SW Build 2258646 on Thu Jun 14 20:03:12 MDT 2018
# IP Build 2256618 on Thu Jun 14 22:10:49 MDT 2018
# Start of session at: Tue May  2 14:22:25 2023
# Process ID: 4540
# Current directory: C:/HCMUT/HK222/CO2007/Assignment/mips-pipeline-memory_unit
# Command line: vivado.exe -gui_launcher_event rodinguilauncherevent12128 C:\HCMUT\HK222\CO2007\Assignment\mips-pipeline-memory_unit\Pipeline.xpr
# Log file: C:/HCMUT/HK222/CO2007/Assignment/mips-pipeline-memory_unit/vivado.log
# Journal file: C:/HCMUT/HK222/CO2007/Assignment/mips-pipeline-memory_unit\vivado.jou
#-----------------------------------------------------------
start_gui
open_project C:/HCMUT/HK222/CO2007/Assignment/mips-pipeline-memory_unit/Pipeline.xpr
INFO: [Project 1-313] Project file moved from 'D:/Studying/Academic/HCMUT/222/ComputerArchitecture/Assignments/ThayBinh/Mips_Pipeline' since last save.
Scanning sources...
Finished scanning sources
INFO: [IP_Flow 19-234] Refreshing IP repositories
INFO: [IP_Flow 19-1704] No user IP repositories specified
INFO: [IP_Flow 19-2313] Loaded Vivado IP repository 'C:/SoftWare/VIVADO/Vivado/2018.2/data/ip'.
open_project: Time (s): cpu = 00:00:06 ; elapsed = 00:00:07 . Memory (MB): peak = 807.914 ; gain = 126.367
update_compile_order -fileset sources_1
exit
INFO: [Common 17-206] Exiting Vivado at Tue May  2 14:23:46 2023...
