Copyright 1986-2018 Xilinx, Inc. All Rights Reserved.
------------------------------------------------------------------------------------
| Tool Version : Vivado v.2018.2 (win64) Build 2258646 Thu Jun 14 20:03:12 MDT 2018
| Date         : Tue May  2 17:56:35 2023
| Host         : LAPTOP-TQL8U39E running 64-bit major release  (build 9200)
| Command      : report_control_sets -verbose -file system_control_sets_placed.rpt
| Design       : system
| Device       : xc7z020
------------------------------------------------------------------------------------

Control Set Information

Table of Contents
-----------------
1. Summary
2. Histogram
3. Flip-Flop Distribution
4. Detailed Control Set Information

1. Summary
----------

+----------------------------------------------------------+-------+
|                          Status                          | Count |
+----------------------------------------------------------+-------+
| Number of unique control sets                            |   427 |
| Unused register locations in slices containing registers |  2154 |
+----------------------------------------------------------+-------+


2. Histogram
------------

+--------+--------------+
| Fanout | Control Sets |
+--------+--------------+
|      2 |          242 |
|      4 |            6 |
|      8 |            9 |
|     10 |            3 |
|     12 |            5 |
|     14 |           10 |
|    16+ |          152 |
+--------+--------------+


3. Flip-Flop Distribution
-------------------------

+--------------+-----------------------+------------------------+-----------------+--------------+
| Clock Enable | Synchronous Set/Reset | Asynchronous Set/Reset | Total Registers | Total Slices |
+--------------+-----------------------+------------------------+-----------------+--------------+
| No           | No                    | No                     |              20 |            7 |
| No           | No                    | Yes                    |            2306 |          649 |
| No           | Yes                   | No                     |             896 |          295 |
| Yes          | No                    | No                     |               0 |            0 |
| Yes          | No                    | Yes                    |            2832 |          495 |
| Yes          | Yes                   | No                     |               0 |            0 |
+--------------+-----------------------+------------------------+-----------------+--------------+


4. Detailed Control Set Information
-----------------------------------

+-------------------------------------+-----------------------------------------------+-------------------------------------+------------------+----------------+
|             Clock Signal            |                 Enable Signal                 |           Set/Reset Signal          | Slice Load Count | Bel Load Count |
+-------------------------------------+-----------------------------------------------+-------------------------------------+------------------+----------------+
|  reg_ID_EXE/reg_hilo_reg[1][6]_P    |                                               | reg_ID_EXE/reg_hilo_reg[1][6]_C     |                1 |              2 |
|  reg_EXE_MEM/reg_file_reg[0][10]_P  |                                               | reg_EXE_MEM/reg_file_reg[1][10]_C   |                1 |              2 |
| ~SYS_clk_IBUF_BUFG                  |                                               | reg_ID_EXE/reg_hilo_reg[0][6]_P     |                1 |              2 |
|  reg_EXE_MEM/reg_file_reg[0][11]_P  |                                               | reg_EXE_MEM/reg_file_reg[1][11]_C   |                1 |              2 |
| ~SYS_clk_IBUF_BUFG                  |                                               | reg_ID_EXE/reg_hilo_reg[1][10]_P    |                1 |              2 |
|  reg_EXE_MEM/reg_file_reg[0][0]_P   |                                               | reg_EXE_MEM/reg_file_reg[9][0]_C    |                1 |              2 |
| ~SYS_clk_IBUF_BUFG                  |                                               | reg_ID_EXE/reg_hilo_reg[1][13]_C    |                1 |              2 |
|  reg_EXE_MEM/reg_file_reg[0][12]_P  |                                               | reg_EXE_MEM/reg_file_reg[1][12]_C   |                1 |              2 |
| ~SYS_clk_IBUF_BUFG                  |                                               | reg_ID_EXE/reg_hilo_reg[0][18]_C    |                1 |              2 |
|  reg_EXE_MEM/reg_file_reg[0][13]_P  |                                               | reg_EXE_MEM/reg_file_reg[1][13]_C   |                1 |              2 |
| ~SYS_clk_IBUF_BUFG                  |                                               | reg_ID_EXE/reg_hilo_reg[0][5]_P     |                1 |              2 |
|  reg_EXE_MEM/reg_file_reg[0][14]_P  |                                               | reg_EXE_MEM/reg_file_reg[1][14]_C   |                1 |              2 |
| ~SYS_clk_IBUF_BUFG                  |                                               | reg_ID_EXE/reg_hilo_reg[0][31]_P    |                1 |              2 |
|  reg_EXE_MEM/reg_file_reg[0][3]_P   |                                               | reg_EXE_MEM/reg_file_reg[8][3]_C    |                1 |              2 |
| ~SYS_clk_IBUF_BUFG                  |                                               | reg_ID_EXE/reg_hilo_reg[0][23]_C    |                1 |              2 |
|  reg_EXE_MEM/reg_file_reg[0][24]_P  |                                               | reg_EXE_MEM/reg_file_reg[17][24]_C  |                1 |              2 |
|  reg_EXE_MEM/reg_file_reg[0][28]_P  |                                               | reg_EXE_MEM/reg_file_reg[16][28]_C  |                1 |              2 |
| ~SYS_clk_IBUF_BUFG                  |                                               | reg_ID_EXE/reg_hilo_reg[0][24]_C    |                1 |              2 |
|  reg_EXE_MEM/reg_file_reg[16][31]_P |                                               | reg_EXE_MEM/reg_file_reg[16][31]_C  |                1 |              2 |
|  reg_EXE_MEM/reg_file_reg[17][24]_P |                                               | reg_EXE_MEM/reg_file_reg[17][24]_C  |                1 |              2 |
| ~SYS_clk_IBUF_BUFG                  |                                               | reg_ID_EXE/reg_hilo_reg[0][6]_C     |                1 |              2 |
|  reg_EXE_MEM/reg_file_reg[0][19]_P  |                                               | reg_EXE_MEM/reg_file_reg[1][19]_C   |                1 |              2 |
|  reg_EXE_MEM/reg_file_reg[17][25]_P |                                               | reg_EXE_MEM/reg_file_reg[17][25]_C  |                1 |              2 |
| ~SYS_clk_IBUF_BUFG                  |                                               | reg_ID_EXE/reg_hilo_reg[1][0]_P     |                1 |              2 |
|  reg_EXE_MEM/reg_file_reg[0][26]_P  |                                               | reg_EXE_MEM/reg_file_reg[16][26]_C  |                1 |              2 |
|  reg_EXE_MEM/reg_file_reg[17][29]_P |                                               | reg_EXE_MEM/reg_file_reg[17][29]_C  |                1 |              2 |
|  reg_EXE_MEM/reg_file_reg[0][30]_P  |                                               | reg_EXE_MEM/reg_file_reg[17][30]_C  |                1 |              2 |
| ~SYS_clk_IBUF_BUFG                  |                                               | reg_ID_EXE/reg_hilo_reg[0][28]_C    |                1 |              2 |
| ~SYS_clk_IBUF_BUFG                  |                                               | reg_ID_EXE/reg_hilo_reg[0][4]_C     |                1 |              2 |
|  reg_EXE_MEM/reg_file_reg[0][9]_P   |                                               | reg_EXE_MEM/reg_file_reg[1][9]_C    |                1 |              2 |
| ~SYS_clk_IBUF_BUFG                  |                                               | reg_ID_EXE/reg_hilo_reg[0][29]_C    |                1 |              2 |
| ~SYS_clk_IBUF_BUFG                  |                                               | reg_ID_EXE/reg_hilo_reg[1][10]_C    |                1 |              2 |
|  reg_EXE_MEM/reg_file_reg[0][20]_P  |                                               | reg_EXE_MEM/reg_file_reg[1][20]_C   |                1 |              2 |
|  reg_EXE_MEM/reg_file_reg[17][30]_P |                                               | reg_EXE_MEM/reg_file_reg[17][30]_C  |                1 |              2 |
| ~SYS_clk_IBUF_BUFG                  |                                               | reg_ID_EXE/reg_hilo_reg[0][2]_C     |                1 |              2 |
|  reg_EXE_MEM/reg_file_reg[0][6]_P   |                                               | reg_EXE_MEM/reg_file_reg[1][6]_C    |                1 |              2 |
| ~SYS_clk_IBUF_BUFG                  |                                               | reg_ID_EXE/reg_hilo_reg[0][27]_P    |                1 |              2 |
|  reg_EXE_MEM/reg_file_reg[0][2]_P   |                                               | reg_EXE_MEM/reg_file_reg[10][2]_C   |                1 |              2 |
| ~SYS_clk_IBUF_BUFG                  |                                               | reg_ID_EXE/reg_hilo_reg[0][23]_P    |                1 |              2 |
|  reg_EXE_MEM/reg_file_reg[0][29]_P  |                                               | reg_EXE_MEM/reg_file_reg[17][29]_C  |                1 |              2 |
| ~SYS_clk_IBUF_BUFG                  |                                               | reg_ID_EXE/reg_hilo_reg[0][27]_C    |                1 |              2 |
| ~SYS_clk_IBUF_BUFG                  |                                               | reg_ID_EXE/reg_hilo_reg[0][30]_C    |                1 |              2 |
|  reg_EXE_MEM/reg_file_reg[0][1]_P   |                                               | reg_EXE_MEM/reg_file_reg[8][1]_C    |                1 |              2 |
| ~SYS_clk_IBUF_BUFG                  |                                               | reg_ID_EXE/reg_hilo_reg[0][1]_P     |                1 |              2 |
|  reg_EXE_MEM/reg_file_reg[0][4]_P   |                                               | reg_EXE_MEM/reg_file_reg[14][4]_C   |                1 |              2 |
|  reg_EXE_MEM/reg_file_reg[16][26]_P |                                               | reg_EXE_MEM/reg_file_reg[16][26]_C  |                1 |              2 |
| ~SYS_clk_IBUF_BUFG                  |                                               | reg_ID_EXE/reg_hilo_reg[0][30]_P    |                1 |              2 |
|  reg_EXE_MEM/reg_file_reg[0][31]_P  |                                               | reg_EXE_MEM/reg_file_reg[16][31]_C  |                1 |              2 |
| ~SYS_clk_IBUF_BUFG                  |                                               | reg_ID_EXE/reg_hilo_reg[0][28]_P    |                1 |              2 |
|  reg_EXE_MEM/reg_file_reg[0][25]_P  |                                               | reg_EXE_MEM/reg_file_reg[17][25]_C  |                1 |              2 |
| ~SYS_clk_IBUF_BUFG                  |                                               | reg_ID_EXE/reg_hilo_reg[0][9]_C     |                1 |              2 |
| ~SYS_clk_IBUF_BUFG                  |                                               | reg_ID_EXE/reg_hilo_reg[0][26]_C    |                1 |              2 |
| ~SYS_clk_IBUF_BUFG                  |                                               | reg_ID_EXE/reg_hilo_reg[0][3]_C     |                1 |              2 |
| ~SYS_clk_IBUF_BUFG                  |                                               | reg_ID_EXE/reg_hilo_reg[0][26]_P    |                1 |              2 |
|  reg_ID_EXE/reg_hilo_reg[0][13]_P   |                                               | reg_ID_EXE/reg_hilo_reg[0][13]_C    |                1 |              2 |
|  reg_ID_EXE/reg_hilo_reg[0][14]_P   |                                               | reg_ID_EXE/reg_hilo_reg[0][14]_C    |                1 |              2 |
|  reg_ID_EXE/reg_hilo_reg[0][15]_P   |                                               | reg_ID_EXE/reg_hilo_reg[0][15]_C    |                1 |              2 |
|  reg_ID_EXE/reg_hilo_reg[0][10]_P   |                                               | reg_ID_EXE/reg_hilo_reg[0][10]_C    |                1 |              2 |
|  reg_ID_EXE/reg_hilo_reg[0][12]_P   |                                               | reg_ID_EXE/reg_hilo_reg[0][12]_C    |                1 |              2 |
|  reg_ID_EXE/reg_hilo_reg[0][16]_P   |                                               | reg_ID_EXE/reg_hilo_reg[0][16]_C    |                1 |              2 |
|  reg_ID_EXE/reg_hilo_reg[0][11]_P   |                                               | reg_ID_EXE/reg_hilo_reg[0][11]_C    |                1 |              2 |
|  reg_ID_EXE/reg_hilo_reg[0][0]_P    |                                               | reg_ID_EXE/reg_hilo_reg[0][0]_C     |                1 |              2 |
|  reg_ID_EXE/reg_hilo_reg[0][25]_P   |                                               | reg_ID_EXE/reg_hilo_reg[0][25]_C    |                1 |              2 |
|  reg_ID_EXE/reg_hilo_reg[0][17]_P   |                                               | reg_ID_EXE/reg_hilo_reg[0][17]_C    |                1 |              2 |
|  reg_ID_EXE/reg_hilo_reg[0][2]_P    |                                               | reg_ID_EXE/reg_hilo_reg[0][2]_C     |                1 |              2 |
|  reg_ID_EXE/reg_hilo_reg[0][3]_P    |                                               | reg_ID_EXE/reg_hilo_reg[0][3]_C     |                1 |              2 |
|  reg_ID_EXE/reg_hilo_reg[0][21]_P   |                                               | reg_ID_EXE/reg_hilo_reg[0][21]_C    |                1 |              2 |
|  reg_ID_EXE/reg_hilo_reg[1][13]_P   |                                               | reg_ID_EXE/reg_hilo_reg[1][13]_C    |                1 |              2 |
|  reg_ID_EXE/reg_hilo_reg[0][4]_P    |                                               | reg_ID_EXE/reg_hilo_reg[0][4]_C     |                1 |              2 |
|  reg_ID_EXE/reg_hilo_reg[0][24]_P   |                                               | reg_ID_EXE/reg_hilo_reg[0][24]_C    |                1 |              2 |
|  reg_ID_EXE/reg_hilo_reg[0][18]_P   |                                               | reg_ID_EXE/reg_hilo_reg[0][18]_C    |                1 |              2 |
|  reg_ID_EXE/reg_hilo_reg[0][7]_P    |                                               | reg_ID_EXE/reg_hilo_reg[0][7]_C     |                1 |              2 |
|  reg_ID_EXE/reg_hilo_reg[1][11]_P   |                                               | reg_ID_EXE/reg_hilo_reg[1][11]_C    |                1 |              2 |
|  reg_ID_EXE/reg_hilo_reg[1][12]_P   |                                               | reg_ID_EXE/reg_hilo_reg[1][12]_C    |                1 |              2 |
|  reg_ID_EXE/reg_hilo_reg[0][22]_P   |                                               | reg_ID_EXE/reg_hilo_reg[0][22]_C    |                1 |              2 |
|  reg_ID_EXE/reg_hilo_reg[0][20]_P   |                                               | reg_ID_EXE/reg_hilo_reg[0][20]_C    |                1 |              2 |
|  reg_ID_EXE/reg_hilo_reg[0][6]_P    |                                               | reg_ID_EXE/reg_hilo_reg[0][6]_C     |                1 |              2 |
|  reg_ID_EXE/reg_hilo_reg[1][10]_P   |                                               | reg_ID_EXE/reg_hilo_reg[1][10]_C    |                1 |              2 |
|  reg_ID_EXE/reg_hilo_reg[0][5]_P    |                                               | reg_ID_EXE/reg_hilo_reg[0][5]_C     |                1 |              2 |
|  reg_ID_EXE/reg_hilo_reg[0][31]_P   |                                               | reg_ID_EXE/reg_hilo_reg[0][31]_C_15 |                1 |              2 |
|  reg_ID_EXE/reg_hilo_reg[1][0]_P    |                                               | reg_ID_EXE/reg_hilo_reg[1][0]_C     |                1 |              2 |
|  reg_ID_EXE/reg_hilo_reg[0][27]_P   |                                               | reg_ID_EXE/reg_hilo_reg[0][27]_C    |                1 |              2 |
|  reg_ID_EXE/reg_hilo_reg[0][23]_P   |                                               | reg_ID_EXE/reg_hilo_reg[0][23]_C    |                1 |              2 |
|  reg_ID_EXE/reg_hilo_reg[0][1]_P    |                                               | reg_ID_EXE/reg_hilo_reg[0][1]_C     |                1 |              2 |
|  reg_ID_EXE/reg_hilo_reg[0][30]_P   |                                               | reg_ID_EXE/reg_hilo_reg[0][30]_C    |                1 |              2 |
|  reg_ID_EXE/reg_hilo_reg[0][28]_P   |                                               | reg_ID_EXE/reg_hilo_reg[0][28]_C    |                1 |              2 |
|  reg_ID_EXE/reg_hilo_reg[0][26]_P   |                                               | reg_ID_EXE/reg_hilo_reg[0][26]_C    |                1 |              2 |
|  reg_ID_EXE/reg_hilo_reg[0][9]_P    |                                               | reg_ID_EXE/reg_hilo_reg[0][9]_C     |                1 |              2 |
|  reg_ID_EXE/reg_hilo_reg[0][8]_P    |                                               | reg_ID_EXE/reg_hilo_reg[0][8]_C     |                1 |              2 |
|  reg_ID_EXE/reg_hilo_reg[0][29]_P   |                                               | reg_ID_EXE/reg_hilo_reg[0][29]_C    |                1 |              2 |
|  reg_ID_EXE/reg_hilo_reg[0][19]_P   |                                               | reg_ID_EXE/reg_hilo_reg[0][19]_C    |                1 |              2 |
|  reg_ID_EXE/reg_hilo_reg[1][21]_P   |                                               | reg_ID_EXE/reg_hilo_reg[1][21]_C_0  |                1 |              2 |
|  reg_ID_EXE/reg_hilo_reg[1][25]_P   |                                               | reg_ID_EXE/reg_hilo_reg[1][25]_C_1  |                1 |              2 |
|  reg_ID_EXE/reg_hilo_reg[1][19]_P   |                                               | reg_ID_EXE/reg_hilo_reg[1][19]_C    |                1 |              2 |
|  reg_ID_EXE/reg_hilo_reg[1][1]_P    |                                               | reg_ID_EXE/reg_hilo_reg[1][1]_C     |                1 |              2 |
|  reg_ID_EXE/reg_hilo_reg[1][18]_P   |                                               | reg_ID_EXE/reg_hilo_reg[1][18]_C    |                1 |              2 |
|  reg_ID_EXE/reg_hilo_reg[1][20]_P   |                                               | reg_ID_EXE/reg_hilo_reg[1][20]_C    |                1 |              2 |
|  reg_ID_EXE/reg_hilo_reg[1][23]_P   |                                               | reg_ID_EXE/reg_hilo_reg[1][23]_C    |                1 |              2 |
|  reg_ID_EXE/reg_hilo_reg[1][14]_P   |                                               | reg_ID_EXE/reg_hilo_reg[1][14]_C_0  |                1 |              2 |
|  reg_ID_EXE/reg_hilo_reg[1][22]_P   |                                               | reg_ID_EXE/reg_hilo_reg[1][22]_C    |                1 |              2 |
|  reg_ID_EXE/reg_hilo_reg[1][15]_P   |                                               | reg_ID_EXE/reg_hilo_reg[1][15]_C    |                1 |              2 |
|  reg_ID_EXE/reg_hilo_reg[1][17]_P   |                                               | reg_ID_EXE/reg_hilo_reg[1][17]_C_0  |                1 |              2 |
|  reg_ID_EXE/reg_hilo_reg[1][24]_P   |                                               | reg_ID_EXE/reg_hilo_reg[1][24]_C    |                1 |              2 |
|  reg_ID_EXE/reg_hilo_reg[1][16]_P   |                                               | reg_ID_EXE/reg_hilo_reg[1][16]_C_2  |                1 |              2 |
|  reg_ID_EXE/reg_hilo_reg[1][31]_P   |                                               | reg_ID_EXE/reg_hilo_reg[1][31]_C_15 |                1 |              2 |
|  reg_ID_EXE/reg_hilo_reg[1][27]_P   |                                               | reg_ID_EXE/reg_hilo_reg[1][27]_C    |                1 |              2 |
| ~SYS_clk_IBUF_BUFG                  |                                               | reg_ID_EXE/reg_hilo_reg[0][9]_P     |                1 |              2 |
|  reg_ID_EXE/reg_hilo_reg[1][4]_P    |                                               | reg_ID_EXE/reg_hilo_reg[1][4]_C     |                1 |              2 |
|  reg_ID_EXE/reg_hilo_reg[1][28]_P   |                                               | reg_ID_EXE/reg_hilo_reg[1][28]_C    |                1 |              2 |
|  reg_ID_EXE/reg_hilo_reg[1][7]_P    |                                               | reg_ID_EXE/reg_hilo_reg[1][7]_C_0   |                1 |              2 |
|  reg_ID_EXE/reg_hilo_reg[1][30]_P   |                                               | reg_ID_EXE/reg_hilo_reg[1][30]_C    |                1 |              2 |
|  reg_ID_EXE/reg_hilo_reg[1][5]_P    |                                               | reg_ID_EXE/reg_hilo_reg[1][5]_C_0   |                1 |              2 |
|  reg_ID_EXE/reg_hilo_reg[1][8]_P    |                                               | reg_ID_EXE/reg_hilo_reg[1][8]_C     |                1 |              2 |
|  reg_ID_EXE/reg_hilo_reg[1][9]_P    |                                               | reg_ID_EXE/reg_hilo_reg[1][9]_C     |                1 |              2 |
|  reg_ID_EXE/reg_hilo_reg[1][2]_P    |                                               | reg_ID_EXE/reg_hilo_reg[1][2]_C_0   |                1 |              2 |
|  reg_ID_EXE/reg_hilo_reg[1][26]_P   |                                               | reg_ID_EXE/reg_hilo_reg[1][26]_C    |                1 |              2 |
|  reg_ID_EXE/reg_hilo_reg[1][3]_P    |                                               | reg_ID_EXE/reg_hilo_reg[1][3]_C_0   |                1 |              2 |
|  reg_ID_EXE/reg_hilo_reg[1][29]_P   |                                               | reg_ID_EXE/reg_hilo_reg[1][29]_C_1  |                1 |              2 |
| ~SYS_clk_IBUF_BUFG                  |                                               | reg_ID_EXE/reg_hilo_reg[0][22]_C    |                1 |              2 |
|  n_7_6483_BUFG                      |                                               | reg_EXE_MEM/reg_file_reg[1][8]_C    |                1 |              2 |
| ~SYS_clk_IBUF_BUFG                  |                                               | reg_ID_EXE/reg_hilo_reg[0][21]_C    |                1 |              2 |
|  n_3_6685_BUFG                      |                                               | reg_EXE_MEM/reg_file_reg[1][5]_C    |                1 |              2 |
| ~SYS_clk_IBUF_BUFG                  |                                               | reg_ID_EXE/reg_hilo_reg[0][1]_C     |                1 |              2 |
| ~SYS_clk_IBUF_BUFG                  |                                               | reg_ID_EXE/reg_hilo_reg[0][31]_C_15 |                1 |              2 |
| ~SYS_clk_IBUF_BUFG                  |                                               | reg_ID_EXE/reg_hilo_reg[0][8]_C     |                1 |              2 |
| ~SYS_clk_IBUF_BUFG                  |                                               | reg_ID_EXE/reg_hilo_reg[0][8]_P     |                1 |              2 |
| ~SYS_clk_IBUF_BUFG                  |                                               | reg_ID_EXE/reg_hilo_reg[0][29]_P    |                1 |              2 |
| ~SYS_clk_IBUF_BUFG                  |                                               | reg_ID_EXE/reg_hilo_reg[1][0]_C     |                1 |              2 |
| ~SYS_clk_IBUF_BUFG                  |                                               | reg_ID_EXE/reg_hilo_reg[0][19]_P    |                1 |              2 |
| ~SYS_clk_IBUF_BUFG                  |                                               | reg_ID_EXE/reg_hilo_reg[1][21]_P    |                1 |              2 |
| ~SYS_clk_IBUF_BUFG                  |                                               | reg_ID_EXE/reg_hilo_reg[1][25]_C_1  |                1 |              2 |
| ~SYS_clk_IBUF_BUFG                  |                                               | reg_ID_EXE/reg_hilo_reg[1][25]_P    |                1 |              2 |
| ~SYS_clk_IBUF_BUFG                  |                                               | reg_ID_EXE/reg_hilo_reg[1][20]_C    |                1 |              2 |
| ~SYS_clk_IBUF_BUFG                  |                                               | reg_ID_EXE/reg_hilo_reg[1][22]_C    |                1 |              2 |
| ~SYS_clk_IBUF_BUFG                  |                                               | reg_ID_EXE/reg_hilo_reg[1][19]_C    |                1 |              2 |
| ~SYS_clk_IBUF_BUFG                  |                                               | reg_ID_EXE/reg_hilo_reg[1][19]_P    |                1 |              2 |
| ~SYS_clk_IBUF_BUFG                  |                                               | reg_ID_EXE/reg_hilo_reg[1][1]_P     |                1 |              2 |
| ~SYS_clk_IBUF_BUFG                  |                                               | reg_ID_EXE/reg_hilo_reg[1][1]_C     |                1 |              2 |
| ~SYS_clk_IBUF_BUFG                  |                                               | reg_ID_EXE/reg_hilo_reg[1][18]_P    |                1 |              2 |
| ~SYS_clk_IBUF_BUFG                  |                                               | reg_ID_EXE/reg_hilo_reg[1][20]_P    |                1 |              2 |
| ~SYS_clk_IBUF_BUFG                  |                                               | reg_ID_EXE/reg_hilo_reg[1][21]_C_0  |                1 |              2 |
| ~SYS_clk_IBUF_BUFG                  |                                               | reg_EXE_MEM/reg_file_reg[16][31]_C  |                1 |              2 |
| ~SYS_clk_IBUF_BUFG                  |                                               | reg_ID_EXE/reg_hilo_reg[1][17]_C_0  |                1 |              2 |
| ~SYS_clk_IBUF_BUFG                  |                                               | reg_EXE_MEM/reg_file_reg[17][25]_C  |                1 |              2 |
| ~SYS_clk_IBUF_BUFG                  |                                               | reg_ID_EXE/reg_hilo_reg[1][23]_P    |                1 |              2 |
| ~SYS_clk_IBUF_BUFG                  |                                               | reg_ID_EXE/reg_hilo_reg[1][14]_P    |                1 |              2 |
| ~SYS_clk_IBUF_BUFG                  |                                               | reg_ID_EXE/reg_hilo_reg[1][22]_P    |                1 |              2 |
| ~SYS_clk_IBUF_BUFG                  |                                               | reg_ID_EXE/reg_hilo_reg[1][23]_C    |                1 |              2 |
| ~SYS_clk_IBUF_BUFG                  |                                               | reg_EXE_MEM/reg_file_reg[16][31]_P  |                1 |              2 |
| ~SYS_clk_IBUF_BUFG                  |                                               | reg_EXE_MEM/reg_file_reg[17][24]_P  |                1 |              2 |
| ~SYS_clk_IBUF_BUFG                  |                                               | reg_ID_EXE/reg_hilo_reg[1][15]_C    |                1 |              2 |
| ~SYS_clk_IBUF_BUFG                  |                                               | reg_ID_EXE/reg_hilo_reg[1][24]_C    |                1 |              2 |
| ~SYS_clk_IBUF_BUFG                  |                                               | reg_ID_EXE/reg_hilo_reg[1][15]_P    |                1 |              2 |
| ~SYS_clk_IBUF_BUFG                  |                                               | reg_EXE_MEM/reg_file_reg[17][25]_P  |                1 |              2 |
| ~SYS_clk_IBUF_BUFG                  |                                               | reg_ID_EXE/reg_hilo_reg[1][18]_C    |                1 |              2 |
| ~SYS_clk_IBUF_BUFG                  |                                               | reg_ID_EXE/reg_hilo_reg[1][16]_C_2  |                1 |              2 |
| ~SYS_clk_IBUF_BUFG                  |                                               | reg_EXE_MEM/reg_file_reg[17][29]_P  |                1 |              2 |
| ~SYS_clk_IBUF_BUFG                  |                                               | reg_ID_EXE/reg_hilo_reg[1][17]_P    |                1 |              2 |
| ~SYS_clk_IBUF_BUFG                  |                                               | reg_ID_EXE/reg_hilo_reg[1][24]_P    |                1 |              2 |
| ~SYS_clk_IBUF_BUFG                  |                                               | reg_ID_EXE/reg_hilo_reg[1][16]_P    |                1 |              2 |
| ~SYS_clk_IBUF_BUFG                  |                                               | reg_ID_EXE/reg_hilo_reg[0][17]_C    |                1 |              2 |
| ~SYS_clk_IBUF_BUFG                  |                                               | reg_ID_EXE/reg_hilo_reg[1][31]_P    |                1 |              2 |
| ~SYS_clk_IBUF_BUFG                  |                                               | reg_ID_EXE/reg_hilo_reg[1][28]_C    |                1 |              2 |
| ~SYS_clk_IBUF_BUFG                  |                                               | reg_ID_EXE/reg_hilo_reg[1][27]_C    |                1 |              2 |
| ~SYS_clk_IBUF_BUFG                  |                                               | reg_ID_EXE/reg_hilo_reg[1][27]_P    |                1 |              2 |
| ~SYS_clk_IBUF_BUFG                  |                                               | reg_ID_EXE/reg_hilo_reg[1][6]_P     |                1 |              2 |
| ~SYS_clk_IBUF_BUFG                  |                                               | reg_ID_EXE/reg_hilo_reg[1][7]_C_0   |                1 |              2 |
| ~SYS_clk_IBUF_BUFG                  |                                               | reg_EXE_MEM/reg_file_reg[17][30]_C  |                1 |              2 |
| ~SYS_clk_IBUF_BUFG                  |                                               | reg_EXE_MEM/reg_file_reg[17][30]_P  |                1 |              2 |
| ~SYS_clk_IBUF_BUFG                  |                                               | reg_ID_EXE/reg_hilo_reg[1][4]_P     |                1 |              2 |
| ~SYS_clk_IBUF_BUFG                  |                                               | reg_ID_EXE/reg_hilo_reg[1][28]_P    |                1 |              2 |
| ~SYS_clk_IBUF_BUFG                  |                                               | reg_ID_EXE/reg_hilo_reg[1][7]_P     |                1 |              2 |
| ~SYS_clk_IBUF_BUFG                  |                                               | reg_ID_EXE/reg_hilo_reg[1][3]_C_0   |                1 |              2 |
| ~SYS_clk_IBUF_BUFG                  |                                               | reg_ID_EXE/reg_hilo_reg[1][2]_C_0   |                1 |              2 |
| ~SYS_clk_IBUF_BUFG                  |                                               | reg_ID_EXE/reg_hilo_reg[1][8]_C     |                1 |              2 |
| ~SYS_clk_IBUF_BUFG                  |                                               | reg_EXE_MEM/reg_file_reg[17][24]_C  |                1 |              2 |
| ~SYS_clk_IBUF_BUFG                  |                                               | reg_ID_EXE/reg_hilo_reg[1][30]_P    |                1 |              2 |
| ~SYS_clk_IBUF_BUFG                  |                                               | reg_EXE_MEM/reg_file_reg[17][29]_C  |                1 |              2 |
| ~SYS_clk_IBUF_BUFG                  |                                               | reg_ID_EXE/reg_hilo_reg[1][5]_P     |                1 |              2 |
| ~SYS_clk_IBUF_BUFG                  |                                               | reg_ID_EXE/reg_hilo_reg[1][8]_P     |                1 |              2 |
| ~SYS_clk_IBUF_BUFG                  |                                               | reg_ID_EXE/reg_hilo_reg[1][9]_P     |                1 |              2 |
| ~SYS_clk_IBUF_BUFG                  |                                               | reg_ID_EXE/reg_hilo_reg[1][2]_P     |                1 |              2 |
| ~SYS_clk_IBUF_BUFG                  |                                               | reg_ID_EXE/reg_hilo_reg[1][26]_P    |                1 |              2 |
| ~SYS_clk_IBUF_BUFG                  |                                               | reg_ID_EXE/reg_hilo_reg[1][26]_C    |                1 |              2 |
| ~SYS_clk_IBUF_BUFG                  |                                               | reg_ID_EXE/reg_hilo_reg[1][29]_C_1  |                1 |              2 |
| ~SYS_clk_IBUF_BUFG                  |                                               | reg_ID_EXE/reg_hilo_reg[1][31]_C_15 |                1 |              2 |
| ~SYS_clk_IBUF_BUFG                  |                                               | reg_EXE_MEM/reg_file_reg[16][26]_C  |                1 |              2 |
| ~SYS_clk_IBUF_BUFG                  |                                               | reg_ID_EXE/reg_hilo_reg[1][3]_P     |                1 |              2 |
| ~SYS_clk_IBUF_BUFG                  |                                               | reg_ID_EXE/reg_hilo_reg[1][4]_C     |                1 |              2 |
| ~SYS_clk_IBUF_BUFG                  |                                               | reg_ID_EXE/reg_hilo_reg[1][9]_C     |                1 |              2 |
| ~SYS_clk_IBUF_BUFG                  |                                               | reg_EXE_MEM/reg_file_reg[16][26]_P  |                1 |              2 |
| ~SYS_clk_IBUF_BUFG                  |                                               | reg_ID_EXE/reg_hilo_reg[1][5]_C_0   |                1 |              2 |
| ~SYS_clk_IBUF_BUFG                  |                                               | reg_ID_EXE/reg_hilo_reg[1][29]_P    |                1 |              2 |
| ~SYS_clk_IBUF_BUFG                  |                                               | reg_ID_EXE/reg_hilo_reg[1][6]_C     |                1 |              2 |
| ~SYS_clk_IBUF_BUFG                  |                                               | reg_ID_EXE/reg_hilo_reg[1][30]_C    |                1 |              2 |
|  n_10_6496_BUFG                     |                                               | reg_EXE_MEM/reg_file_reg[1][21]_C   |                1 |              2 |
|  n_1_6490_BUFG                      |                                               | reg_EXE_MEM/reg_file_reg[1][15]_C   |                1 |              2 |
|  n_2_6493_BUFG                      |                                               | reg_EXE_MEM/reg_file_reg[1][18]_C   |                1 |              2 |
|  n_5_6492_BUFG                      |                                               | reg_EXE_MEM/reg_file_reg[1][17]_C   |                1 |              2 |
|  n_6_6677_BUFG                      |                                               | reg_EXE_MEM/reg_file_reg[1][7]_C    |                1 |              2 |
|  n_4_6505_BUFG                      |                                               | reg_EXE_MEM/reg_file_reg[1][27]_C   |                1 |              2 |
|  n_0_6491_BUFG                      |                                               | reg_EXE_MEM/reg_file_reg[1][16]_C   |                1 |              2 |
|  n_9_6497_BUFG                      |                                               | reg_EXE_MEM/reg_file_reg[1][22]_C   |                1 |              2 |
| ~SYS_clk_IBUF_BUFG                  |                                               | reg_ID_EXE/reg_hilo_reg[0][0]_C     |                1 |              2 |
| ~SYS_clk_IBUF_BUFG                  |                                               | reg_ID_EXE/reg_hilo_reg[0][14]_C    |                1 |              2 |
| ~SYS_clk_IBUF_BUFG                  |                                               | reg_ID_EXE/reg_hilo_reg[0][13]_P    |                1 |              2 |
| ~SYS_clk_IBUF_BUFG                  |                                               | reg_ID_EXE/reg_hilo_reg[0][14]_P    |                1 |              2 |
| ~SYS_clk_IBUF_BUFG                  |                                               | reg_ID_EXE/reg_hilo_reg[0][15]_P    |                1 |              2 |
| ~SYS_clk_IBUF_BUFG                  |                                               | reg_ID_EXE/reg_hilo_reg[0][10]_P    |                1 |              2 |
| ~SYS_clk_IBUF_BUFG                  |                                               | reg_ID_EXE/reg_hilo_reg[0][11]_C    |                1 |              2 |
| ~SYS_clk_IBUF_BUFG                  |                                               | reg_ID_EXE/reg_hilo_reg[0][13]_C    |                1 |              2 |
| ~SYS_clk_IBUF_BUFG                  |                                               | reg_ID_EXE/reg_hilo_reg[0][12]_C    |                1 |              2 |
| ~SYS_clk_IBUF_BUFG                  |                                               | reg_ID_EXE/reg_hilo_reg[0][12]_P    |                1 |              2 |
|  n_8_6498_BUFG                      |                                               | reg_EXE_MEM/reg_file_reg[1][23]_C   |                1 |              2 |
| ~SYS_clk_IBUF_BUFG                  |                                               | reg_ID_EXE/reg_hilo_reg[0][15]_C    |                1 |              2 |
| ~SYS_clk_IBUF_BUFG                  |                                               | reg_ID_EXE/reg_hilo_reg[0][16]_C    |                1 |              2 |
| ~SYS_clk_IBUF_BUFG                  |                                               | reg_ID_EXE/reg_hilo_reg[0][10]_C    |                1 |              2 |
| ~SYS_clk_IBUF_BUFG                  |                                               | reg_ID_EXE/reg_hilo_reg[0][16]_P    |                1 |              2 |
| ~SYS_clk_IBUF_BUFG                  |                                               | reg_ID_EXE/reg_hilo_reg[0][11]_P    |                1 |              2 |
| ~SYS_clk_IBUF_BUFG                  |                                               | reg_ID_EXE/reg_hilo_reg[0][0]_P     |                1 |              2 |
| ~SYS_clk_IBUF_BUFG                  |                                               | reg_ID_EXE/reg_hilo_reg[0][25]_P    |                1 |              2 |
| ~SYS_clk_IBUF_BUFG                  |                                               | reg_ID_EXE/reg_hilo_reg[0][17]_P    |                1 |              2 |
| ~SYS_clk_IBUF_BUFG                  |                                               | reg_ID_EXE/reg_hilo_reg[0][2]_P     |                1 |              2 |
| ~SYS_clk_IBUF_BUFG                  |                                               | reg_ID_EXE/reg_hilo_reg[0][3]_P     |                1 |              2 |
| ~SYS_clk_IBUF_BUFG                  |                                               | reg_ID_EXE/reg_hilo_reg[1][11]_C    |                1 |              2 |
| ~SYS_clk_IBUF_BUFG                  |                                               | reg_ID_EXE/reg_hilo_reg[0][21]_P    |                1 |              2 |
| ~SYS_clk_IBUF_BUFG                  |                                               | reg_ID_EXE/reg_hilo_reg[1][12]_C    |                1 |              2 |
| ~SYS_clk_IBUF_BUFG                  |                                               | reg_ID_EXE/reg_hilo_reg[0][25]_C    |                1 |              2 |
| ~SYS_clk_IBUF_BUFG                  |                                               | reg_ID_EXE/reg_hilo_reg[1][13]_P    |                1 |              2 |
| ~SYS_clk_IBUF_BUFG                  |                                               | reg_ID_EXE/reg_hilo_reg[0][4]_P     |                1 |              2 |
| ~SYS_clk_IBUF_BUFG                  |                                               | reg_ID_EXE/reg_hilo_reg[1][14]_C_0  |                1 |              2 |
| ~SYS_clk_IBUF_BUFG                  |                                               | reg_ID_EXE/reg_hilo_reg[0][24]_P    |                1 |              2 |
| ~SYS_clk_IBUF_BUFG                  |                                               | reg_ID_EXE/reg_hilo_reg[0][18]_P    |                1 |              2 |
| ~SYS_clk_IBUF_BUFG                  |                                               | reg_ID_EXE/reg_hilo_reg[0][7]_C     |                1 |              2 |
| ~SYS_clk_IBUF_BUFG                  |                                               | reg_ID_EXE/reg_hilo_reg[0][5]_C     |                1 |              2 |
| ~SYS_clk_IBUF_BUFG                  |                                               | reg_ID_EXE/reg_hilo_reg[0][7]_P     |                1 |              2 |
| ~SYS_clk_IBUF_BUFG                  |                                               | reg_ID_EXE/reg_hilo_reg[1][11]_P    |                1 |              2 |
| ~SYS_clk_IBUF_BUFG                  |                                               | reg_ID_EXE/reg_hilo_reg[1][12]_P    |                1 |              2 |
| ~SYS_clk_IBUF_BUFG                  |                                               | reg_ID_EXE/reg_hilo_reg[0][19]_C    |                1 |              2 |
| ~SYS_clk_IBUF_BUFG                  |                                               | reg_ID_EXE/reg_hilo_reg[0][20]_C    |                1 |              2 |
| ~SYS_clk_IBUF_BUFG                  |                                               | reg_ID_EXE/reg_hilo_reg[0][22]_P    |                1 |              2 |
| ~SYS_clk_IBUF_BUFG                  |                                               | reg_ID_EXE/reg_hilo_reg[0][20]_P    |                1 |              2 |
|  reg_EXE_MEM/reg_file_reg[16][28]_P |                                               | reg_EXE_MEM/reg_file_reg[16][28]_C  |                1 |              4 |
| ~SYS_clk_IBUF_BUFG                  |                                               | reg_EXE_MEM/reg_file_reg[16][28]_P  |                2 |              4 |
| ~SYS_clk_IBUF_BUFG                  |                                               | reg_EXE_MEM/reg_file_reg[14][4]_C   |                1 |              4 |
| ~SYS_clk_IBUF_BUFG                  |                                               | reg_EXE_MEM/reg_file_reg[14][4]_P   |                1 |              4 |
| ~SYS_clk_IBUF_BUFG                  |                                               | reg_EXE_MEM/reg_file_reg[16][28]_C  |                2 |              4 |
|  reg_EXE_MEM/reg_file_reg[14][4]_P  |                                               | reg_EXE_MEM/reg_file_reg[14][4]_C   |                1 |              4 |
|  reg_EXE_MEM/reg_file_reg[9][0]_P   |                                               | reg_EXE_MEM/reg_file_reg[9][0]_C    |                2 |              8 |
|  reg_EXE_MEM/reg_file_reg[8][1]_P   |                                               | reg_EXE_MEM/reg_file_reg[8][1]_C    |                2 |              8 |
| ~SYS_clk_IBUF_BUFG                  |                                               | reg_EXE_MEM/reg_file_reg[9][0]_P    |                2 |              8 |
| ~SYS_clk_IBUF_BUFG                  |                                               | reg_EXE_MEM/reg_file_reg[8][1]_P    |                2 |              8 |
| ~SYS_clk_IBUF_BUFG                  |                                               | reg_EXE_MEM/reg_file_reg[10][2]_C   |                2 |              8 |
| ~SYS_clk_IBUF_BUFG                  |                                               | reg_EXE_MEM/reg_file_reg[10][2]_P   |                2 |              8 |
| ~SYS_clk_IBUF_BUFG                  |                                               | reg_EXE_MEM/reg_file_reg[9][0]_C    |                2 |              8 |
|  reg_EXE_MEM/reg_file_reg[10][2]_P  |                                               | reg_EXE_MEM/reg_file_reg[10][2]_C   |                2 |              8 |
| ~SYS_clk_IBUF_BUFG                  |                                               | reg_EXE_MEM/reg_file_reg[8][1]_C    |                2 |              8 |
|  reg_EXE_MEM/reg_file_reg[0][3]_P   |                                               | reg_EXE_MEM/reg_file_reg[0][3]_C    |                3 |             10 |
| ~SYS_clk_IBUF_BUFG                  |                                               | reg_EXE_MEM/reg_file_reg[0][3]_P    |                2 |             10 |
| ~SYS_clk_IBUF_BUFG                  |                                               | reg_EXE_MEM/reg_file_reg[0][3]_C    |                2 |             10 |
| ~SYS_clk_IBUF_BUFG                  |                                               | reg_EXE_MEM/reg_file_reg[8][3]_P    |                3 |             12 |
|  reg_EXE_MEM/reg_file_reg[8][3]_P   |                                               | reg_EXE_MEM/reg_file_reg[8][3]_C    |                3 |             12 |
| ~SYS_clk_IBUF_BUFG                  |                                               | reg_EXE_MEM/reg_file_reg[8][3]_C    |                2 |             12 |
|  SYS_clk_IBUF_BUFG                  |                                               |                                     |                5 |             12 |
| ~SYS_clk_IBUF_BUFG                  |                                               |                                     |                4 |             12 |
|  reg_EXE_MEM/reg_file_reg[0][0]_P   |                                               | reg_EXE_MEM/reg_file_reg[0][0]_C    |                5 |             14 |
| ~SYS_clk_IBUF_BUFG                  |                                               | reg_EXE_MEM/reg_file_reg[0][2]_P    |                4 |             14 |
| ~SYS_clk_IBUF_BUFG                  |                                               | SYS_reset_IBUF                      |                3 |             14 |
| ~SYS_clk_IBUF_BUFG                  |                                               | reg_EXE_MEM/reg_file_reg[0][1]_P    |                5 |             14 |
|  reg_EXE_MEM/reg_file_reg[0][2]_P   |                                               | reg_EXE_MEM/reg_file_reg[0][2]_C    |                3 |             14 |
|  reg_EXE_MEM/reg_file_reg[0][1]_P   |                                               | reg_EXE_MEM/reg_file_reg[0][1]_C    |                6 |             14 |
| ~SYS_clk_IBUF_BUFG                  |                                               | reg_EXE_MEM/reg_file_reg[0][2]_C    |                4 |             14 |
| ~SYS_clk_IBUF_BUFG                  |                                               | reg_EXE_MEM/reg_file_reg[0][0]_C    |                4 |             14 |
| ~SYS_clk_IBUF_BUFG                  |                                               | reg_EXE_MEM/reg_file_reg[0][0]_P    |                4 |             14 |
| ~SYS_clk_IBUF_BUFG                  |                                               | reg_EXE_MEM/reg_file_reg[0][1]_C    |                5 |             14 |
| ~SYS_clk_IBUF_BUFG                  | reg_ID_EXE/E[0]                               | SYS_reset_IBUF                      |                4 |             16 |
| ~SYS_clk_IBUF_BUFG                  |                                               | reg_EXE_MEM/reg_file_reg[0][4]_C    |                4 |             18 |
| ~SYS_clk_IBUF_BUFG                  |                                               | reg_EXE_MEM/reg_file_reg[0][28]_C   |                5 |             18 |
|  reg_EXE_MEM/reg_file_reg[0][4]_P   |                                               | reg_EXE_MEM/reg_file_reg[0][4]_C    |                4 |             18 |
| ~SYS_clk_IBUF_BUFG                  |                                               | reg_EXE_MEM/reg_file_reg[0][4]_P    |                3 |             18 |
|  reg_EXE_MEM/reg_file_reg[0][28]_P  |                                               | reg_EXE_MEM/reg_file_reg[0][28]_C   |                4 |             18 |
| ~SYS_clk_IBUF_BUFG                  |                                               | reg_EXE_MEM/reg_file_reg[0][28]_P   |                5 |             18 |
| ~SYS_clk_IBUF_BUFG                  |                                               | reg_EXE_MEM/reg_file_reg[0][25]_P   |                4 |             20 |
|  reg_EXE_MEM/reg_file_reg[0][25]_P  |                                               | reg_EXE_MEM/reg_file_reg[0][25]_C   |                4 |             20 |
| ~SYS_clk_IBUF_BUFG                  |                                               | reg_EXE_MEM/reg_file_reg[0][31]_P   |                5 |             20 |
| ~SYS_clk_IBUF_BUFG                  |                                               | reg_EXE_MEM/reg_file_reg[0][25]_C   |                4 |             20 |
|  reg_EXE_MEM/reg_file_reg[0][31]_P  |                                               | reg_EXE_MEM/reg_file_reg[0][31]_C   |                6 |             20 |
| ~SYS_clk_IBUF_BUFG                  |                                               | reg_EXE_MEM/reg_file_reg[0][26]_C   |                7 |             20 |
| ~SYS_clk_IBUF_BUFG                  |                                               | reg_EXE_MEM/reg_file_reg[0][30]_C   |                5 |             20 |
| ~SYS_clk_IBUF_BUFG                  |                                               | reg_EXE_MEM/reg_file_reg[0][29]_P   |                5 |             20 |
|  reg_EXE_MEM/reg_file_reg[0][30]_P  |                                               | reg_EXE_MEM/reg_file_reg[0][30]_C   |                4 |             20 |
|  reg_EXE_MEM/reg_file_reg[0][26]_P  |                                               | reg_EXE_MEM/reg_file_reg[0][26]_C   |                5 |             20 |
| ~SYS_clk_IBUF_BUFG                  |                                               | reg_EXE_MEM/reg_file_reg[0][24]_C   |                4 |             20 |
| ~SYS_clk_IBUF_BUFG                  |                                               | reg_EXE_MEM/reg_file_reg[0][24]_P   |                5 |             20 |
| ~SYS_clk_IBUF_BUFG                  |                                               | reg_EXE_MEM/reg_file_reg[0][29]_C   |                6 |             20 |
| ~SYS_clk_IBUF_BUFG                  |                                               | reg_EXE_MEM/reg_file_reg[0][31]_C   |                5 |             20 |
|  reg_EXE_MEM/reg_file_reg[0][24]_P  |                                               | reg_EXE_MEM/reg_file_reg[0][24]_C   |                6 |             20 |
| ~SYS_clk_IBUF_BUFG                  |                                               | reg_EXE_MEM/reg_file_reg[0][26]_P   |                6 |             20 |
| ~SYS_clk_IBUF_BUFG                  |                                               | reg_EXE_MEM/reg_file_reg[0][30]_P   |                6 |             20 |
|  reg_EXE_MEM/reg_file_reg[0][29]_P  |                                               | reg_EXE_MEM/reg_file_reg[0][29]_C   |                7 |             20 |
|  reg_EXE_MEM/reg_file_reg[0][20]_P  |                                               | reg_EXE_MEM/reg_file_reg[0][20]_C   |                6 |             22 |
|  reg_EXE_MEM/reg_file_reg[0][6]_P   |                                               | reg_EXE_MEM/reg_file_reg[0][6]_C    |                6 |             22 |
|  reg_EXE_MEM/reg_file_reg[0][10]_P  |                                               | reg_EXE_MEM/reg_file_reg[0][10]_C   |                6 |             22 |
|  n_7_6483_BUFG                      |                                               | reg_EXE_MEM/reg_file_reg[0][8]_C    |                4 |             22 |
|  n_3_6685_BUFG                      |                                               | reg_EXE_MEM/reg_file_reg[0][5]_C    |                7 |             22 |
| ~SYS_clk_IBUF_BUFG                  |                                               | reg_EXE_MEM/reg_file_reg[0][10]_P   |                6 |             22 |
| ~SYS_clk_IBUF_BUFG                  |                                               | reg_EXE_MEM/reg_file_reg[0][15]_C   |                5 |             22 |
| ~SYS_clk_IBUF_BUFG                  |                                               | reg_EXE_MEM/reg_file_reg[0][11]_P   |                7 |             22 |
| ~SYS_clk_IBUF_BUFG                  |                                               | reg_EXE_MEM/reg_file_reg[0][11]_C   |                6 |             22 |
| ~SYS_clk_IBUF_BUFG                  |                                               | reg_EXE_MEM/reg_file_reg[0][12]_C   |                5 |             22 |
| ~SYS_clk_IBUF_BUFG                  |                                               | reg_EXE_MEM/reg_file_reg[0][13]_C   |                6 |             22 |
| ~SYS_clk_IBUF_BUFG                  |                                               | reg_EXE_MEM/reg_file_reg[0][16]_C   |                6 |             22 |
| ~SYS_clk_IBUF_BUFG                  |                                               | reg_EXE_MEM/reg_file_reg[0][10]_C   |                6 |             22 |
| ~SYS_clk_IBUF_BUFG                  |                                               | reg_EXE_MEM/reg_file_reg[0][12]_P   |                5 |             22 |
| ~SYS_clk_IBUF_BUFG                  |                                               | reg_EXE_MEM/reg_file_reg[0][13]_P   |                6 |             22 |
| ~SYS_clk_IBUF_BUFG                  |                                               | reg_EXE_MEM/reg_file_reg[0][14]_C   |                6 |             22 |
| ~SYS_clk_IBUF_BUFG                  |                                               | reg_EXE_MEM/reg_file_reg[0][14]_P   |                6 |             22 |
| ~SYS_clk_IBUF_BUFG                  |                                               | reg_EXE_MEM/reg_file_reg[0][6]_C    |                5 |             22 |
| ~SYS_clk_IBUF_BUFG                  |                                               | reg_EXE_MEM/reg_file_reg[0][18]_C   |                4 |             22 |
| ~SYS_clk_IBUF_BUFG                  |                                               | reg_EXE_MEM/reg_file_reg[0][19]_P   |                8 |             22 |
| ~SYS_clk_IBUF_BUFG                  |                                               | reg_EXE_MEM/reg_file_reg[0][20]_C   |                7 |             22 |
| ~SYS_clk_IBUF_BUFG                  |                                               | reg_EXE_MEM/reg_file_reg[0][22]_C   |                6 |             22 |
| ~SYS_clk_IBUF_BUFG                  |                                               | reg_EXE_MEM/reg_file_reg[0][23]_C   |                7 |             22 |
| ~SYS_clk_IBUF_BUFG                  |                                               | reg_EXE_MEM/reg_file_reg[0][9]_P    |                8 |             22 |
| ~SYS_clk_IBUF_BUFG                  |                                               | reg_EXE_MEM/reg_file_reg[0][9]_C    |                8 |             22 |
| ~SYS_clk_IBUF_BUFG                  |                                               | reg_EXE_MEM/reg_file_reg[0][7]_C    |                6 |             22 |
| ~SYS_clk_IBUF_BUFG                  |                                               | reg_EXE_MEM/reg_file_reg[0][20]_P   |                6 |             22 |
| ~SYS_clk_IBUF_BUFG                  |                                               | reg_EXE_MEM/reg_file_reg[0][6]_P    |                6 |             22 |
| ~SYS_clk_IBUF_BUFG                  |                                               | reg_EXE_MEM/reg_file_reg[0][8]_C    |                3 |             22 |
| ~SYS_clk_IBUF_BUFG                  |                                               | reg_EXE_MEM/reg_file_reg[0][5]_C    |                5 |             22 |
| ~SYS_clk_IBUF_BUFG                  |                                               | reg_EXE_MEM/reg_file_reg[0][17]_C   |                6 |             22 |
| ~SYS_clk_IBUF_BUFG                  |                                               | reg_EXE_MEM/reg_file_reg[0][19]_C   |                7 |             22 |
| ~SYS_clk_IBUF_BUFG                  |                                               | reg_EXE_MEM/reg_file_reg[0][27]_C   |                6 |             22 |
| ~SYS_clk_IBUF_BUFG                  |                                               | reg_EXE_MEM/reg_file_reg[0][21]_C   |                5 |             22 |
|  reg_EXE_MEM/reg_file_reg[0][11]_P  |                                               | reg_EXE_MEM/reg_file_reg[0][11]_C   |                6 |             22 |
|  reg_EXE_MEM/reg_file_reg[0][12]_P  |                                               | reg_EXE_MEM/reg_file_reg[0][12]_C   |                7 |             22 |
| ~SYS_clk_IBUF_BUFG                  |                                               | n_6_6677_BUFG                       |                7 |             22 |
| ~SYS_clk_IBUF_BUFG                  |                                               | n_4_6505_BUFG                       |                5 |             22 |
| ~SYS_clk_IBUF_BUFG                  |                                               | n_0_6491_BUFG                       |                6 |             22 |
| ~SYS_clk_IBUF_BUFG                  |                                               | n_9_6497_BUFG                       |                7 |             22 |
| ~SYS_clk_IBUF_BUFG                  |                                               | n_8_6498_BUFG                       |                7 |             22 |
|  reg_EXE_MEM/reg_file_reg[0][13]_P  |                                               | reg_EXE_MEM/reg_file_reg[0][13]_C   |                7 |             22 |
|  reg_EXE_MEM/reg_file_reg[0][14]_P  |                                               | reg_EXE_MEM/reg_file_reg[0][14]_C   |                5 |             22 |
|  n_10_6496_BUFG                     |                                               | reg_EXE_MEM/reg_file_reg[0][21]_C   |                7 |             22 |
|  reg_EXE_MEM/reg_file_reg[0][19]_P  |                                               | reg_EXE_MEM/reg_file_reg[0][19]_C   |                7 |             22 |
|  n_1_6490_BUFG                      |                                               | reg_EXE_MEM/reg_file_reg[0][15]_C   |                5 |             22 |
| ~SYS_clk_IBUF_BUFG                  |                                               | n_7_6483_BUFG                       |                3 |             22 |
|  n_2_6493_BUFG                      |                                               | reg_EXE_MEM/reg_file_reg[0][18]_C   |                5 |             22 |
| ~SYS_clk_IBUF_BUFG                  |                                               | n_3_6685_BUFG                       |                5 |             22 |
|  n_5_6492_BUFG                      |                                               | reg_EXE_MEM/reg_file_reg[0][17]_C   |                6 |             22 |
|  reg_EXE_MEM/reg_file_reg[0][9]_P   |                                               | reg_EXE_MEM/reg_file_reg[0][9]_C    |                8 |             22 |
|  n_6_6677_BUFG                      |                                               | reg_EXE_MEM/reg_file_reg[0][7]_C    |                7 |             22 |
| ~SYS_clk_IBUF_BUFG                  |                                               | n_10_6496_BUFG                      |                6 |             22 |
|  n_4_6505_BUFG                      |                                               | reg_EXE_MEM/reg_file_reg[0][27]_C   |                5 |             22 |
| ~SYS_clk_IBUF_BUFG                  |                                               | n_1_6490_BUFG                       |                6 |             22 |
|  n_0_6491_BUFG                      |                                               | reg_EXE_MEM/reg_file_reg[0][16]_C   |                6 |             22 |
| ~SYS_clk_IBUF_BUFG                  |                                               | n_2_6493_BUFG                       |                6 |             22 |
|  n_9_6497_BUFG                      |                                               | reg_EXE_MEM/reg_file_reg[0][22]_C   |                8 |             22 |
| ~SYS_clk_IBUF_BUFG                  |                                               | n_5_6492_BUFG                       |                6 |             22 |
|  n_8_6498_BUFG                      |                                               | reg_EXE_MEM/reg_file_reg[0][23]_C   |                7 |             22 |
| ~SYS_clk_IBUF_BUFG                  | ID_stage/regFile/reg_file[1][24]_P_i_1_n_11   | reg_EXE_MEM/reg_file_reg[0][24]_P   |                7 |             42 |
| ~SYS_clk_IBUF_BUFG                  | ID_stage/regFile/reg_file[1][26]_P_i_1_n_11   | reg_EXE_MEM/reg_file_reg[0][26]_P   |                8 |             42 |
| ~SYS_clk_IBUF_BUFG                  | ID_stage/regFile/reg_file[1][27]_P_i_1_n_11   | n_4_6505_BUFG                       |                7 |             42 |
| ~SYS_clk_IBUF_BUFG                  | ID_stage/regFile/reg_file[1][6]_P_i_1_n_11    | reg_EXE_MEM/reg_file_reg[0][6]_P    |                8 |             42 |
| ~SYS_clk_IBUF_BUFG                  | ID_stage/regFile/reg_file[1][7]_P_i_1_n_11    | n_6_6677_BUFG                       |                7 |             42 |
| ~SYS_clk_IBUF_BUFG                  | ID_stage/regFile/reg_file[1][8]_P_i_1_n_11    | n_7_6483_BUFG                       |                3 |             42 |
| ~SYS_clk_IBUF_BUFG                  | ID_stage/regFile/reg_file[1][22]_P_i_1_n_11   | n_9_6497_BUFG                       |                5 |             42 |
| ~SYS_clk_IBUF_BUFG                  | ID_stage/regFile/reg_file[1][21]_P_i_1_n_11   | n_10_6496_BUFG                      |                9 |             42 |
| ~SYS_clk_IBUF_BUFG                  | ID_stage/regFile/reg_file[1][0]_P_i_1_n_11    | reg_EXE_MEM/reg_file_reg[0][0]_P    |               10 |             42 |
| ~SYS_clk_IBUF_BUFG                  | ID_stage/regFile/reg_file[1][1]_P_i_1_n_11    | reg_EXE_MEM/reg_file_reg[0][1]_P    |                6 |             42 |
| ~SYS_clk_IBUF_BUFG                  | ID_stage/regFile/reg_file[1][3]_P_i_1_n_11    | reg_EXE_MEM/reg_file_reg[0][3]_P    |                5 |             42 |
| ~SYS_clk_IBUF_BUFG                  | ID_stage/regFile/reg_file[1][13]_P_i_1_n_11   | reg_EXE_MEM/reg_file_reg[0][13]_P   |                8 |             42 |
| ~SYS_clk_IBUF_BUFG                  | ID_stage/regFile/reg_file[1][25]_P_i_1_n_11   | reg_EXE_MEM/reg_file_reg[0][25]_P   |                6 |             42 |
| ~SYS_clk_IBUF_BUFG                  | ID_stage/regFile/reg_file[1][2]_P_i_1_n_11    | reg_EXE_MEM/reg_file_reg[0][2]_P    |                5 |             42 |
| ~SYS_clk_IBUF_BUFG                  | ID_stage/regFile/reg_file[1][9]_P_i_1_n_11    | reg_EXE_MEM/reg_file_reg[0][9]_P    |                5 |             42 |
| ~SYS_clk_IBUF_BUFG                  | ID_stage/regFile/reg_file_reg[1][14]_LDC_n_11 | reg_EXE_MEM/reg_file_reg[1][14]_C   |                7 |             42 |
| ~SYS_clk_IBUF_BUFG                  | ID_stage/regFile/reg_file_reg[1][13]_LDC_n_11 | reg_EXE_MEM/reg_file_reg[1][13]_C   |               12 |             42 |
| ~SYS_clk_IBUF_BUFG                  | ID_stage/regFile/reg_file_reg[1][15]_LDC_n_11 | reg_EXE_MEM/reg_file_reg[1][15]_C   |                7 |             42 |
| ~SYS_clk_IBUF_BUFG                  | ID_stage/regFile/reg_file_reg[1][16]_LDC_n_11 | reg_EXE_MEM/reg_file_reg[1][16]_C   |               10 |             42 |
| ~SYS_clk_IBUF_BUFG                  | ID_stage/regFile/reg_file_reg[1][17]_LDC_n_11 | reg_EXE_MEM/reg_file_reg[1][17]_C   |                7 |             42 |
| ~SYS_clk_IBUF_BUFG                  | ID_stage/regFile/reg_file_reg[1][12]_LDC_n_11 | reg_EXE_MEM/reg_file_reg[1][12]_C   |                8 |             42 |
| ~SYS_clk_IBUF_BUFG                  | ID_stage/regFile/reg_file_reg[1][0]_LDC_n_11  | reg_EXE_MEM/reg_file_reg[9][0]_C    |                5 |             42 |
| ~SYS_clk_IBUF_BUFG                  | ID_stage/regFile/reg_file_reg[1][18]_LDC_n_11 | reg_EXE_MEM/reg_file_reg[1][18]_C   |                8 |             42 |
| ~SYS_clk_IBUF_BUFG                  | ID_stage/regFile/reg_file_reg[1][10]_LDC_n_11 | reg_EXE_MEM/reg_file_reg[1][10]_C   |                7 |             42 |
| ~SYS_clk_IBUF_BUFG                  | ID_stage/regFile/reg_file_reg[1][19]_LDC_n_11 | reg_EXE_MEM/reg_file_reg[1][19]_C   |               10 |             42 |
| ~SYS_clk_IBUF_BUFG                  | ID_stage/regFile/reg_file_reg[1][21]_LDC_n_11 | reg_EXE_MEM/reg_file_reg[1][21]_C   |               11 |             42 |
| ~SYS_clk_IBUF_BUFG                  | ID_stage/regFile/reg_file_reg[1][22]_LDC_n_11 | reg_EXE_MEM/reg_file_reg[1][22]_C   |                4 |             42 |
| ~SYS_clk_IBUF_BUFG                  | ID_stage/regFile/reg_file_reg[1][11]_LDC_n_11 | reg_EXE_MEM/reg_file_reg[1][11]_C   |               10 |             42 |
| ~SYS_clk_IBUF_BUFG                  | ID_stage/regFile/reg_file_reg[1][1]_LDC_n_11  | reg_EXE_MEM/reg_file_reg[8][1]_C    |               10 |             42 |
| ~SYS_clk_IBUF_BUFG                  | ID_stage/regFile/reg_file_reg[1][20]_LDC_n_11 | reg_EXE_MEM/reg_file_reg[1][20]_C   |                6 |             42 |
| ~SYS_clk_IBUF_BUFG                  | ID_stage/regFile/reg_file_reg[1][23]_LDC_n_11 | reg_EXE_MEM/reg_file_reg[1][23]_C   |                6 |             42 |
| ~SYS_clk_IBUF_BUFG                  | ID_stage/regFile/reg_file_reg[1][4]_LDC_n_11  | reg_EXE_MEM/reg_file_reg[14][4]_C   |                8 |             42 |
| ~SYS_clk_IBUF_BUFG                  | ID_stage/regFile/reg_file_reg[1][30]_LDC_n_11 | reg_EXE_MEM/reg_file_reg[17][30]_C  |                6 |             42 |
| ~SYS_clk_IBUF_BUFG                  | ID_stage/regFile/reg_file_reg[1][3]_LDC_n_11  | reg_EXE_MEM/reg_file_reg[8][3]_C    |                8 |             42 |
| ~SYS_clk_IBUF_BUFG                  | ID_stage/regFile/reg_file_reg[1][24]_LDC_n_11 | reg_EXE_MEM/reg_file_reg[17][24]_C  |                6 |             42 |
| ~SYS_clk_IBUF_BUFG                  | ID_stage/regFile/reg_file_reg[1][26]_LDC_n_11 | reg_EXE_MEM/reg_file_reg[16][26]_C  |                7 |             42 |
| ~SYS_clk_IBUF_BUFG                  | ID_stage/regFile/reg_file_reg[1][27]_LDC_n_11 | reg_EXE_MEM/reg_file_reg[1][27]_C   |                9 |             42 |
| ~SYS_clk_IBUF_BUFG                  | ID_stage/regFile/reg_file_reg[1][28]_LDC_n_11 | reg_EXE_MEM/reg_file_reg[16][28]_C  |               12 |             42 |
| ~SYS_clk_IBUF_BUFG                  | ID_stage/regFile/reg_file_reg[1][31]_LDC_n_11 | reg_EXE_MEM/reg_file_reg[16][31]_C  |                8 |             42 |
| ~SYS_clk_IBUF_BUFG                  | ID_stage/regFile/reg_file_reg[1][29]_LDC_n_11 | reg_EXE_MEM/reg_file_reg[17][29]_C  |                6 |             42 |
| ~SYS_clk_IBUF_BUFG                  | ID_stage/regFile/reg_file_reg[1][6]_LDC_n_11  | reg_EXE_MEM/reg_file_reg[1][6]_C    |                9 |             42 |
| ~SYS_clk_IBUF_BUFG                  | ID_stage/regFile/reg_file_reg[1][5]_LDC_n_11  | reg_EXE_MEM/reg_file_reg[1][5]_C    |                8 |             42 |
| ~SYS_clk_IBUF_BUFG                  | ID_stage/regFile/reg_file_reg[1][7]_LDC_n_11  | reg_EXE_MEM/reg_file_reg[1][7]_C    |                9 |             42 |
| ~SYS_clk_IBUF_BUFG                  | ID_stage/regFile/reg_file_reg[1][25]_LDC_n_11 | reg_EXE_MEM/reg_file_reg[17][25]_C  |                7 |             42 |
| ~SYS_clk_IBUF_BUFG                  | ID_stage/regFile/reg_file_reg[1][2]_LDC_n_11  | reg_EXE_MEM/reg_file_reg[10][2]_C   |                8 |             42 |
| ~SYS_clk_IBUF_BUFG                  | ID_stage/regFile/reg_file_reg[1][8]_LDC_n_11  | reg_EXE_MEM/reg_file_reg[1][8]_C    |                3 |             42 |
| ~SYS_clk_IBUF_BUFG                  | ID_stage/regFile/reg_file_reg[1][9]_LDC_n_11  | reg_EXE_MEM/reg_file_reg[1][9]_C    |                5 |             42 |
| ~SYS_clk_IBUF_BUFG                  | ID_stage/regFile/reg_file[1][20]_P_i_1_n_11   | reg_EXE_MEM/reg_file_reg[0][20]_P   |                7 |             42 |
| ~SYS_clk_IBUF_BUFG                  | ID_stage/regFile/reg_file[1][29]_P_i_1_n_11   | reg_EXE_MEM/reg_file_reg[0][29]_P   |                4 |             42 |
| ~SYS_clk_IBUF_BUFG                  | ID_stage/regFile/reg_file[1][4]_P_i_1_n_11    | reg_EXE_MEM/reg_file_reg[0][4]_P    |                7 |             42 |
| ~SYS_clk_IBUF_BUFG                  | ID_stage/regFile/reg_file[1][30]_P_i_1_n_11   | reg_EXE_MEM/reg_file_reg[0][30]_P   |                6 |             42 |
| ~SYS_clk_IBUF_BUFG                  | ID_stage/regFile/reg_file[1][10]_P_i_1_n_11   | reg_EXE_MEM/reg_file_reg[0][10]_P   |                5 |             42 |
| ~SYS_clk_IBUF_BUFG                  | ID_stage/regFile/reg_file[1][17]_P_i_1_n_11   | n_5_6492_BUFG                       |                7 |             42 |
| ~SYS_clk_IBUF_BUFG                  | ID_stage/regFile/reg_file[1][28]_P_i_1_n_11   | reg_EXE_MEM/reg_file_reg[0][28]_P   |                6 |             42 |
| ~SYS_clk_IBUF_BUFG                  | ID_stage/regFile/reg_file[1][18]_P_i_1_n_11   | n_2_6493_BUFG                       |                7 |             42 |
| ~SYS_clk_IBUF_BUFG                  | ID_stage/regFile/reg_file[1][19]_P_i_1_n_11   | reg_EXE_MEM/reg_file_reg[0][19]_P   |                9 |             42 |
| ~SYS_clk_IBUF_BUFG                  | ID_stage/regFile/reg_file[1][5]_P_i_1_n_11    | n_3_6685_BUFG                       |                7 |             42 |
| ~SYS_clk_IBUF_BUFG                  | ID_stage/regFile/reg_file[1][16]_P_i_1_n_11   | n_0_6491_BUFG                       |                7 |             42 |
| ~SYS_clk_IBUF_BUFG                  | ID_stage/regFile/reg_file[1][31]_P_i_1_n_11   | reg_EXE_MEM/reg_file_reg[0][31]_P   |                6 |             42 |
| ~SYS_clk_IBUF_BUFG                  | ID_stage/regFile/reg_file[1][15]_P_i_1_n_11   | n_1_6490_BUFG                       |                4 |             42 |
| ~SYS_clk_IBUF_BUFG                  | ID_stage/regFile/reg_file[1][23]_P_i_1_n_11   | n_8_6498_BUFG                       |                5 |             42 |
| ~SYS_clk_IBUF_BUFG                  | ID_stage/regFile/reg_file[1][12]_P_i_1_n_11   | reg_EXE_MEM/reg_file_reg[0][12]_P   |                5 |             42 |
| ~SYS_clk_IBUF_BUFG                  | ID_stage/regFile/reg_file[1][14]_P_i_1_n_11   | reg_EXE_MEM/reg_file_reg[0][14]_P   |                4 |             42 |
| ~SYS_clk_IBUF_BUFG                  | ID_stage/regFile/reg_file[1][11]_P_i_1_n_11   | reg_EXE_MEM/reg_file_reg[0][11]_P   |                8 |             42 |
| ~SYS_clk_IBUF_BUFG                  |                                               | reg_ID_EXE/data_out_reg[26]         |               25 |             64 |
| ~SYS_clk_IBUF_BUFG                  | imem/neg_clk                                  | SYS_reset_IBUF                      |               41 |            128 |
|  SYS_clk_IBUF_BUFG                  |                                               | SYS_reset_IBUF                      |              112 |            564 |
+-------------------------------------+-----------------------------------------------+-------------------------------------+------------------+----------------+


