Copyright 1986-2018 Xilinx, Inc. All Rights Reserved.
-----------------------------------------------------------------------------------------------------------------------------------------------------------------------------------------
| Tool Version : Vivado v.2018.2 (win64) Build 2258646 Thu Jun 14 20:03:12 MDT 2018
| Date         : Sun May  7 19:22:58 2023
| Host         : MSI running 64-bit major release  (build 9200)
| Command      : report_timing_summary -max_paths 10 -file system_timing_summary_routed.rpt -pb system_timing_summary_routed.pb -rpx system_timing_summary_routed.rpx -warn_on_violation
| Design       : system
| Device       : 7z020-clg400
| Speed File   : -1  PRODUCTION 1.11 2014-09-11
-----------------------------------------------------------------------------------------------------------------------------------------------------------------------------------------

Timing Summary Report

------------------------------------------------------------------------------------------------
| Timer Settings
| --------------
------------------------------------------------------------------------------------------------

  Enable Multi Corner Analysis               :  Yes
  Enable Pessimism Removal                   :  Yes
  Pessimism Removal Resolution               :  Nearest Common Node
  Enable Input Delay Default Clock           :  No
  Enable Preset / Clear Arcs                 :  No
  Disable Flight Delays                      :  No
  Ignore I/O Paths                           :  No
  Timing Early Launch at Borrowing Latches   :  false

  Corner  Analyze    Analyze    
  Name    Max Paths  Min Paths  
  ------  ---------  ---------  
  Slow    Yes        Yes        
  Fast    Yes        Yes        



check_timing report

Table of Contents
-----------------
1. checking no_clock
2. checking constant_clock
3. checking pulse_width_clock
4. checking unconstrained_internal_endpoints
5. checking no_input_delay
6. checking no_output_delay
7. checking multiple_clock
8. checking generated_clocks
9. checking loops
10. checking partial_input_delay
11. checking partial_output_delay
12. checking latch_loops

1. checking no_clock
--------------------
 There are 22 register/latch pins with no clock driven by root clock pin: BOARD_clk (HIGH)

 There are 2674 register/latch pins with no clock driven by root clock pin: SYS_clk (HIGH)

 There are 96 register/latch pins with no clock driven by root clock pin: SYS_reset (HIGH)

 There is 1 register/latch pin with no clock driven by root clock pin: MEM_stage/data_mem/dmem/U0/inst_blk_mem_gen/gnbram.gnativebmg.native_blk_mem_gen/valid.cstr/ramloop[0].ram.r/prim_init.ram/DEVICE_7SERIES.NO_BMM_INFO.TRUE_DP.SIMPLE_PRIM36.ram/DOBDO[0] (HIGH)

 There are 2 register/latch pins with no clock driven by root clock pin: MEM_stage/data_mem/dmem/U0/inst_blk_mem_gen/gnbram.gnativebmg.native_blk_mem_gen/valid.cstr/ramloop[0].ram.r/prim_init.ram/DEVICE_7SERIES.NO_BMM_INFO.TRUE_DP.SIMPLE_PRIM36.ram/DOBDO[10] (HIGH)

 There are 2 register/latch pins with no clock driven by root clock pin: MEM_stage/data_mem/dmem/U0/inst_blk_mem_gen/gnbram.gnativebmg.native_blk_mem_gen/valid.cstr/ramloop[0].ram.r/prim_init.ram/DEVICE_7SERIES.NO_BMM_INFO.TRUE_DP.SIMPLE_PRIM36.ram/DOBDO[11] (HIGH)

 There are 2 register/latch pins with no clock driven by root clock pin: MEM_stage/data_mem/dmem/U0/inst_blk_mem_gen/gnbram.gnativebmg.native_blk_mem_gen/valid.cstr/ramloop[0].ram.r/prim_init.ram/DEVICE_7SERIES.NO_BMM_INFO.TRUE_DP.SIMPLE_PRIM36.ram/DOBDO[12] (HIGH)

 There are 2 register/latch pins with no clock driven by root clock pin: MEM_stage/data_mem/dmem/U0/inst_blk_mem_gen/gnbram.gnativebmg.native_blk_mem_gen/valid.cstr/ramloop[0].ram.r/prim_init.ram/DEVICE_7SERIES.NO_BMM_INFO.TRUE_DP.SIMPLE_PRIM36.ram/DOBDO[13] (HIGH)

 There are 2 register/latch pins with no clock driven by root clock pin: MEM_stage/data_mem/dmem/U0/inst_blk_mem_gen/gnbram.gnativebmg.native_blk_mem_gen/valid.cstr/ramloop[0].ram.r/prim_init.ram/DEVICE_7SERIES.NO_BMM_INFO.TRUE_DP.SIMPLE_PRIM36.ram/DOBDO[14] (HIGH)

 There are 2 register/latch pins with no clock driven by root clock pin: MEM_stage/data_mem/dmem/U0/inst_blk_mem_gen/gnbram.gnativebmg.native_blk_mem_gen/valid.cstr/ramloop[0].ram.r/prim_init.ram/DEVICE_7SERIES.NO_BMM_INFO.TRUE_DP.SIMPLE_PRIM36.ram/DOBDO[15] (HIGH)

 There are 2 register/latch pins with no clock driven by root clock pin: MEM_stage/data_mem/dmem/U0/inst_blk_mem_gen/gnbram.gnativebmg.native_blk_mem_gen/valid.cstr/ramloop[0].ram.r/prim_init.ram/DEVICE_7SERIES.NO_BMM_INFO.TRUE_DP.SIMPLE_PRIM36.ram/DOBDO[16] (HIGH)

 There are 2 register/latch pins with no clock driven by root clock pin: MEM_stage/data_mem/dmem/U0/inst_blk_mem_gen/gnbram.gnativebmg.native_blk_mem_gen/valid.cstr/ramloop[0].ram.r/prim_init.ram/DEVICE_7SERIES.NO_BMM_INFO.TRUE_DP.SIMPLE_PRIM36.ram/DOBDO[17] (HIGH)

 There are 2 register/latch pins with no clock driven by root clock pin: MEM_stage/data_mem/dmem/U0/inst_blk_mem_gen/gnbram.gnativebmg.native_blk_mem_gen/valid.cstr/ramloop[0].ram.r/prim_init.ram/DEVICE_7SERIES.NO_BMM_INFO.TRUE_DP.SIMPLE_PRIM36.ram/DOBDO[18] (HIGH)

 There are 2 register/latch pins with no clock driven by root clock pin: MEM_stage/data_mem/dmem/U0/inst_blk_mem_gen/gnbram.gnativebmg.native_blk_mem_gen/valid.cstr/ramloop[0].ram.r/prim_init.ram/DEVICE_7SERIES.NO_BMM_INFO.TRUE_DP.SIMPLE_PRIM36.ram/DOBDO[19] (HIGH)

 There is 1 register/latch pin with no clock driven by root clock pin: MEM_stage/data_mem/dmem/U0/inst_blk_mem_gen/gnbram.gnativebmg.native_blk_mem_gen/valid.cstr/ramloop[0].ram.r/prim_init.ram/DEVICE_7SERIES.NO_BMM_INFO.TRUE_DP.SIMPLE_PRIM36.ram/DOBDO[1] (HIGH)

 There are 2 register/latch pins with no clock driven by root clock pin: MEM_stage/data_mem/dmem/U0/inst_blk_mem_gen/gnbram.gnativebmg.native_blk_mem_gen/valid.cstr/ramloop[0].ram.r/prim_init.ram/DEVICE_7SERIES.NO_BMM_INFO.TRUE_DP.SIMPLE_PRIM36.ram/DOBDO[20] (HIGH)

 There are 2 register/latch pins with no clock driven by root clock pin: MEM_stage/data_mem/dmem/U0/inst_blk_mem_gen/gnbram.gnativebmg.native_blk_mem_gen/valid.cstr/ramloop[0].ram.r/prim_init.ram/DEVICE_7SERIES.NO_BMM_INFO.TRUE_DP.SIMPLE_PRIM36.ram/DOBDO[21] (HIGH)

 There are 2 register/latch pins with no clock driven by root clock pin: MEM_stage/data_mem/dmem/U0/inst_blk_mem_gen/gnbram.gnativebmg.native_blk_mem_gen/valid.cstr/ramloop[0].ram.r/prim_init.ram/DEVICE_7SERIES.NO_BMM_INFO.TRUE_DP.SIMPLE_PRIM36.ram/DOBDO[22] (HIGH)

 There are 2 register/latch pins with no clock driven by root clock pin: MEM_stage/data_mem/dmem/U0/inst_blk_mem_gen/gnbram.gnativebmg.native_blk_mem_gen/valid.cstr/ramloop[0].ram.r/prim_init.ram/DEVICE_7SERIES.NO_BMM_INFO.TRUE_DP.SIMPLE_PRIM36.ram/DOBDO[23] (HIGH)

 There are 3 register/latch pins with no clock driven by root clock pin: MEM_stage/data_mem/dmem/U0/inst_blk_mem_gen/gnbram.gnativebmg.native_blk_mem_gen/valid.cstr/ramloop[0].ram.r/prim_init.ram/DEVICE_7SERIES.NO_BMM_INFO.TRUE_DP.SIMPLE_PRIM36.ram/DOBDO[24] (HIGH)

 There are 3 register/latch pins with no clock driven by root clock pin: MEM_stage/data_mem/dmem/U0/inst_blk_mem_gen/gnbram.gnativebmg.native_blk_mem_gen/valid.cstr/ramloop[0].ram.r/prim_init.ram/DEVICE_7SERIES.NO_BMM_INFO.TRUE_DP.SIMPLE_PRIM36.ram/DOBDO[25] (HIGH)

 There are 3 register/latch pins with no clock driven by root clock pin: MEM_stage/data_mem/dmem/U0/inst_blk_mem_gen/gnbram.gnativebmg.native_blk_mem_gen/valid.cstr/ramloop[0].ram.r/prim_init.ram/DEVICE_7SERIES.NO_BMM_INFO.TRUE_DP.SIMPLE_PRIM36.ram/DOBDO[26] (HIGH)

 There are 3 register/latch pins with no clock driven by root clock pin: MEM_stage/data_mem/dmem/U0/inst_blk_mem_gen/gnbram.gnativebmg.native_blk_mem_gen/valid.cstr/ramloop[0].ram.r/prim_init.ram/DEVICE_7SERIES.NO_BMM_INFO.TRUE_DP.SIMPLE_PRIM36.ram/DOBDO[27] (HIGH)

 There are 3 register/latch pins with no clock driven by root clock pin: MEM_stage/data_mem/dmem/U0/inst_blk_mem_gen/gnbram.gnativebmg.native_blk_mem_gen/valid.cstr/ramloop[0].ram.r/prim_init.ram/DEVICE_7SERIES.NO_BMM_INFO.TRUE_DP.SIMPLE_PRIM36.ram/DOBDO[28] (HIGH)

 There are 3 register/latch pins with no clock driven by root clock pin: MEM_stage/data_mem/dmem/U0/inst_blk_mem_gen/gnbram.gnativebmg.native_blk_mem_gen/valid.cstr/ramloop[0].ram.r/prim_init.ram/DEVICE_7SERIES.NO_BMM_INFO.TRUE_DP.SIMPLE_PRIM36.ram/DOBDO[29] (HIGH)

 There is 1 register/latch pin with no clock driven by root clock pin: MEM_stage/data_mem/dmem/U0/inst_blk_mem_gen/gnbram.gnativebmg.native_blk_mem_gen/valid.cstr/ramloop[0].ram.r/prim_init.ram/DEVICE_7SERIES.NO_BMM_INFO.TRUE_DP.SIMPLE_PRIM36.ram/DOBDO[2] (HIGH)

 There are 3 register/latch pins with no clock driven by root clock pin: MEM_stage/data_mem/dmem/U0/inst_blk_mem_gen/gnbram.gnativebmg.native_blk_mem_gen/valid.cstr/ramloop[0].ram.r/prim_init.ram/DEVICE_7SERIES.NO_BMM_INFO.TRUE_DP.SIMPLE_PRIM36.ram/DOBDO[30] (HIGH)

 There are 3 register/latch pins with no clock driven by root clock pin: MEM_stage/data_mem/dmem/U0/inst_blk_mem_gen/gnbram.gnativebmg.native_blk_mem_gen/valid.cstr/ramloop[0].ram.r/prim_init.ram/DEVICE_7SERIES.NO_BMM_INFO.TRUE_DP.SIMPLE_PRIM36.ram/DOBDO[31] (HIGH)

 There is 1 register/latch pin with no clock driven by root clock pin: MEM_stage/data_mem/dmem/U0/inst_blk_mem_gen/gnbram.gnativebmg.native_blk_mem_gen/valid.cstr/ramloop[0].ram.r/prim_init.ram/DEVICE_7SERIES.NO_BMM_INFO.TRUE_DP.SIMPLE_PRIM36.ram/DOBDO[3] (HIGH)

 There is 1 register/latch pin with no clock driven by root clock pin: MEM_stage/data_mem/dmem/U0/inst_blk_mem_gen/gnbram.gnativebmg.native_blk_mem_gen/valid.cstr/ramloop[0].ram.r/prim_init.ram/DEVICE_7SERIES.NO_BMM_INFO.TRUE_DP.SIMPLE_PRIM36.ram/DOBDO[4] (HIGH)

 There is 1 register/latch pin with no clock driven by root clock pin: MEM_stage/data_mem/dmem/U0/inst_blk_mem_gen/gnbram.gnativebmg.native_blk_mem_gen/valid.cstr/ramloop[0].ram.r/prim_init.ram/DEVICE_7SERIES.NO_BMM_INFO.TRUE_DP.SIMPLE_PRIM36.ram/DOBDO[5] (HIGH)

 There is 1 register/latch pin with no clock driven by root clock pin: MEM_stage/data_mem/dmem/U0/inst_blk_mem_gen/gnbram.gnativebmg.native_blk_mem_gen/valid.cstr/ramloop[0].ram.r/prim_init.ram/DEVICE_7SERIES.NO_BMM_INFO.TRUE_DP.SIMPLE_PRIM36.ram/DOBDO[6] (HIGH)

 There is 1 register/latch pin with no clock driven by root clock pin: MEM_stage/data_mem/dmem/U0/inst_blk_mem_gen/gnbram.gnativebmg.native_blk_mem_gen/valid.cstr/ramloop[0].ram.r/prim_init.ram/DEVICE_7SERIES.NO_BMM_INFO.TRUE_DP.SIMPLE_PRIM36.ram/DOBDO[7] (HIGH)

 There are 2 register/latch pins with no clock driven by root clock pin: MEM_stage/data_mem/dmem/U0/inst_blk_mem_gen/gnbram.gnativebmg.native_blk_mem_gen/valid.cstr/ramloop[0].ram.r/prim_init.ram/DEVICE_7SERIES.NO_BMM_INFO.TRUE_DP.SIMPLE_PRIM36.ram/DOBDO[8] (HIGH)

 There are 2 register/latch pins with no clock driven by root clock pin: MEM_stage/data_mem/dmem/U0/inst_blk_mem_gen/gnbram.gnativebmg.native_blk_mem_gen/valid.cstr/ramloop[0].ram.r/prim_init.ram/DEVICE_7SERIES.NO_BMM_INFO.TRUE_DP.SIMPLE_PRIM36.ram/DOBDO[9] (HIGH)

 There are 16 register/latch pins with no clock driven by root clock pin: lcd_control/clk_reg/Q (HIGH)

 There are 72 register/latch pins with no clock driven by root clock pin: reg_EXE_MEM/alu_result_out_reg[0]/Q (HIGH)

 There are 65 register/latch pins with no clock driven by root clock pin: reg_EXE_MEM/alu_result_out_reg[10]/Q (HIGH)

 There are 65 register/latch pins with no clock driven by root clock pin: reg_EXE_MEM/alu_result_out_reg[11]/Q (HIGH)

 There are 65 register/latch pins with no clock driven by root clock pin: reg_EXE_MEM/alu_result_out_reg[12]/Q (HIGH)

 There are 65 register/latch pins with no clock driven by root clock pin: reg_EXE_MEM/alu_result_out_reg[13]/Q (HIGH)

 There are 65 register/latch pins with no clock driven by root clock pin: reg_EXE_MEM/alu_result_out_reg[14]/Q (HIGH)

 There are 65 register/latch pins with no clock driven by root clock pin: reg_EXE_MEM/alu_result_out_reg[15]/Q (HIGH)

 There are 65 register/latch pins with no clock driven by root clock pin: reg_EXE_MEM/alu_result_out_reg[16]/Q (HIGH)

 There are 65 register/latch pins with no clock driven by root clock pin: reg_EXE_MEM/alu_result_out_reg[17]/Q (HIGH)

 There are 65 register/latch pins with no clock driven by root clock pin: reg_EXE_MEM/alu_result_out_reg[18]/Q (HIGH)

 There are 65 register/latch pins with no clock driven by root clock pin: reg_EXE_MEM/alu_result_out_reg[19]/Q (HIGH)

 There are 80 register/latch pins with no clock driven by root clock pin: reg_EXE_MEM/alu_result_out_reg[1]/Q (HIGH)

 There are 65 register/latch pins with no clock driven by root clock pin: reg_EXE_MEM/alu_result_out_reg[20]/Q (HIGH)

 There are 65 register/latch pins with no clock driven by root clock pin: reg_EXE_MEM/alu_result_out_reg[21]/Q (HIGH)

 There are 65 register/latch pins with no clock driven by root clock pin: reg_EXE_MEM/alu_result_out_reg[22]/Q (HIGH)

 There are 65 register/latch pins with no clock driven by root clock pin: reg_EXE_MEM/alu_result_out_reg[23]/Q (HIGH)

 There are 65 register/latch pins with no clock driven by root clock pin: reg_EXE_MEM/alu_result_out_reg[24]/Q (HIGH)

 There are 65 register/latch pins with no clock driven by root clock pin: reg_EXE_MEM/alu_result_out_reg[25]/Q (HIGH)

 There are 65 register/latch pins with no clock driven by root clock pin: reg_EXE_MEM/alu_result_out_reg[26]/Q (HIGH)

 There are 65 register/latch pins with no clock driven by root clock pin: reg_EXE_MEM/alu_result_out_reg[27]/Q (HIGH)

 There are 65 register/latch pins with no clock driven by root clock pin: reg_EXE_MEM/alu_result_out_reg[28]/Q (HIGH)

 There are 65 register/latch pins with no clock driven by root clock pin: reg_EXE_MEM/alu_result_out_reg[29]/Q (HIGH)

 There are 65 register/latch pins with no clock driven by root clock pin: reg_EXE_MEM/alu_result_out_reg[2]/Q (HIGH)

 There are 65 register/latch pins with no clock driven by root clock pin: reg_EXE_MEM/alu_result_out_reg[30]/Q (HIGH)

 There are 65 register/latch pins with no clock driven by root clock pin: reg_EXE_MEM/alu_result_out_reg[31]/Q (HIGH)

 There are 65 register/latch pins with no clock driven by root clock pin: reg_EXE_MEM/alu_result_out_reg[3]/Q (HIGH)

 There are 65 register/latch pins with no clock driven by root clock pin: reg_EXE_MEM/alu_result_out_reg[4]/Q (HIGH)

 There are 65 register/latch pins with no clock driven by root clock pin: reg_EXE_MEM/alu_result_out_reg[5]/Q (HIGH)

 There are 65 register/latch pins with no clock driven by root clock pin: reg_EXE_MEM/alu_result_out_reg[6]/Q (HIGH)

 There are 65 register/latch pins with no clock driven by root clock pin: reg_EXE_MEM/alu_result_out_reg[7]/Q (HIGH)

 There are 65 register/latch pins with no clock driven by root clock pin: reg_EXE_MEM/alu_result_out_reg[8]/Q (HIGH)

 There are 65 register/latch pins with no clock driven by root clock pin: reg_EXE_MEM/alu_result_out_reg[9]/Q (HIGH)

 There are 32 register/latch pins with no clock driven by root clock pin: reg_EXE_MEM/mem2reg_control_out_reg/Q (HIGH)

 There are 32 register/latch pins with no clock driven by root clock pin: reg_EXE_MEM/mem_read_control_out_reg[0]/Q (HIGH)

 There are 32 register/latch pins with no clock driven by root clock pin: reg_EXE_MEM/mem_read_control_out_reg[1]/Q (HIGH)

 There are 96 register/latch pins with no clock driven by root clock pin: reg_EXE_MEM/reg_write_control_out_reg/Q (HIGH)

 There are 64 register/latch pins with no clock driven by root clock pin: reg_EXE_MEM/write_register_out_reg[0]/Q (HIGH)

 There are 64 register/latch pins with no clock driven by root clock pin: reg_EXE_MEM/write_register_out_reg[1]/Q (HIGH)

 There are 64 register/latch pins with no clock driven by root clock pin: reg_EXE_MEM/write_register_out_reg[2]/Q (HIGH)

 There are 64 register/latch pins with no clock driven by root clock pin: reg_EXE_MEM/write_register_out_reg[3]/Q (HIGH)

 There are 64 register/latch pins with no clock driven by root clock pin: reg_EXE_MEM/write_register_out_reg[4]/Q (HIGH)

 There are 64 register/latch pins with no clock driven by root clock pin: reg_ID_EXE/alu_op_control_out_reg[0]/Q (HIGH)

 There are 64 register/latch pins with no clock driven by root clock pin: reg_ID_EXE/alu_op_control_out_reg[1]/Q (HIGH)

 There are 64 register/latch pins with no clock driven by root clock pin: reg_ID_EXE/alu_src_control_out_reg/Q (HIGH)

 There are 64 register/latch pins with no clock driven by root clock pin: reg_ID_EXE/funct_out_reg[0]/Q (HIGH)

 There are 64 register/latch pins with no clock driven by root clock pin: reg_ID_EXE/funct_out_reg[2]/Q (HIGH)

 There are 64 register/latch pins with no clock driven by root clock pin: reg_ID_EXE/funct_out_reg[3]/Q (HIGH)

 There are 64 register/latch pins with no clock driven by root clock pin: reg_ID_EXE/funct_out_reg[4]/Q (HIGH)

 There are 64 register/latch pins with no clock driven by root clock pin: reg_ID_EXE/funct_out_reg[5]/Q (HIGH)

 There are 64 register/latch pins with no clock driven by root clock pin: reg_ID_EXE/immediate_out_reg[1]/Q (HIGH)

 There are 64 register/latch pins with no clock driven by root clock pin: reg_ID_EXE/rd_address_out_reg[0]/Q (HIGH)

 There are 64 register/latch pins with no clock driven by root clock pin: reg_ID_EXE/rd_address_out_reg[1]/Q (HIGH)

 There are 64 register/latch pins with no clock driven by root clock pin: reg_ID_EXE/rd_address_out_reg[2]/Q (HIGH)

 There are 64 register/latch pins with no clock driven by root clock pin: reg_ID_EXE/rd_address_out_reg[3]/Q (HIGH)

 There are 64 register/latch pins with no clock driven by root clock pin: reg_ID_EXE/rd_address_out_reg[4]/Q (HIGH)

 There are 64 register/latch pins with no clock driven by root clock pin: reg_ID_EXE/regdst_control_out_reg/Q (HIGH)

 There are 64 register/latch pins with no clock driven by root clock pin: reg_ID_EXE/rs_address_out_reg[0]/Q (HIGH)

 There are 64 register/latch pins with no clock driven by root clock pin: reg_ID_EXE/rs_address_out_reg[1]/Q (HIGH)

 There are 64 register/latch pins with no clock driven by root clock pin: reg_ID_EXE/rs_address_out_reg[2]/Q (HIGH)

 There are 64 register/latch pins with no clock driven by root clock pin: reg_ID_EXE/rs_address_out_reg[3]/Q (HIGH)

 There are 64 register/latch pins with no clock driven by root clock pin: reg_ID_EXE/rs_address_out_reg[4]/Q (HIGH)

 There are 64 register/latch pins with no clock driven by root clock pin: reg_ID_EXE/rs_value_out_reg[0]/Q (HIGH)

 There are 64 register/latch pins with no clock driven by root clock pin: reg_ID_EXE/rs_value_out_reg[10]/Q (HIGH)

 There are 64 register/latch pins with no clock driven by root clock pin: reg_ID_EXE/rs_value_out_reg[11]/Q (HIGH)

 There are 64 register/latch pins with no clock driven by root clock pin: reg_ID_EXE/rs_value_out_reg[12]/Q (HIGH)

 There are 64 register/latch pins with no clock driven by root clock pin: reg_ID_EXE/rs_value_out_reg[13]/Q (HIGH)

 There are 64 register/latch pins with no clock driven by root clock pin: reg_ID_EXE/rs_value_out_reg[14]/Q (HIGH)

 There are 64 register/latch pins with no clock driven by root clock pin: reg_ID_EXE/rs_value_out_reg[15]/Q (HIGH)

 There are 64 register/latch pins with no clock driven by root clock pin: reg_ID_EXE/rs_value_out_reg[16]/Q (HIGH)

 There are 64 register/latch pins with no clock driven by root clock pin: reg_ID_EXE/rs_value_out_reg[17]/Q (HIGH)

 There are 64 register/latch pins with no clock driven by root clock pin: reg_ID_EXE/rs_value_out_reg[18]/Q (HIGH)

 There are 64 register/latch pins with no clock driven by root clock pin: reg_ID_EXE/rs_value_out_reg[19]/Q (HIGH)

 There are 64 register/latch pins with no clock driven by root clock pin: reg_ID_EXE/rs_value_out_reg[1]/Q (HIGH)

 There are 64 register/latch pins with no clock driven by root clock pin: reg_ID_EXE/rs_value_out_reg[20]/Q (HIGH)

 There are 64 register/latch pins with no clock driven by root clock pin: reg_ID_EXE/rs_value_out_reg[21]/Q (HIGH)

 There are 64 register/latch pins with no clock driven by root clock pin: reg_ID_EXE/rs_value_out_reg[22]/Q (HIGH)

 There are 64 register/latch pins with no clock driven by root clock pin: reg_ID_EXE/rs_value_out_reg[23]/Q (HIGH)

 There are 64 register/latch pins with no clock driven by root clock pin: reg_ID_EXE/rs_value_out_reg[24]/Q (HIGH)

 There are 64 register/latch pins with no clock driven by root clock pin: reg_ID_EXE/rs_value_out_reg[25]/Q (HIGH)

 There are 64 register/latch pins with no clock driven by root clock pin: reg_ID_EXE/rs_value_out_reg[26]/Q (HIGH)

 There are 64 register/latch pins with no clock driven by root clock pin: reg_ID_EXE/rs_value_out_reg[27]/Q (HIGH)

 There are 64 register/latch pins with no clock driven by root clock pin: reg_ID_EXE/rs_value_out_reg[28]/Q (HIGH)

 There are 64 register/latch pins with no clock driven by root clock pin: reg_ID_EXE/rs_value_out_reg[29]/Q (HIGH)

 There are 64 register/latch pins with no clock driven by root clock pin: reg_ID_EXE/rs_value_out_reg[2]/Q (HIGH)

 There are 64 register/latch pins with no clock driven by root clock pin: reg_ID_EXE/rs_value_out_reg[30]/Q (HIGH)

 There are 64 register/latch pins with no clock driven by root clock pin: reg_ID_EXE/rs_value_out_reg[31]/Q (HIGH)

 There are 64 register/latch pins with no clock driven by root clock pin: reg_ID_EXE/rs_value_out_reg[3]/Q (HIGH)

 There are 64 register/latch pins with no clock driven by root clock pin: reg_ID_EXE/rs_value_out_reg[4]/Q (HIGH)

 There are 64 register/latch pins with no clock driven by root clock pin: reg_ID_EXE/rs_value_out_reg[5]/Q (HIGH)

 There are 64 register/latch pins with no clock driven by root clock pin: reg_ID_EXE/rs_value_out_reg[6]/Q (HIGH)

 There are 64 register/latch pins with no clock driven by root clock pin: reg_ID_EXE/rs_value_out_reg[7]/Q (HIGH)

 There are 64 register/latch pins with no clock driven by root clock pin: reg_ID_EXE/rs_value_out_reg[8]/Q (HIGH)

 There are 64 register/latch pins with no clock driven by root clock pin: reg_ID_EXE/rs_value_out_reg[9]/Q (HIGH)

 There are 64 register/latch pins with no clock driven by root clock pin: reg_ID_EXE/rt_address_out_reg[0]/Q (HIGH)

 There are 64 register/latch pins with no clock driven by root clock pin: reg_ID_EXE/rt_address_out_reg[1]/Q (HIGH)

 There are 64 register/latch pins with no clock driven by root clock pin: reg_ID_EXE/rt_address_out_reg[2]/Q (HIGH)

 There are 64 register/latch pins with no clock driven by root clock pin: reg_ID_EXE/rt_address_out_reg[3]/Q (HIGH)

 There are 64 register/latch pins with no clock driven by root clock pin: reg_ID_EXE/rt_address_out_reg[4]/Q (HIGH)

 There are 64 register/latch pins with no clock driven by root clock pin: reg_ID_EXE/rt_value_out_reg[0]/Q (HIGH)

 There are 64 register/latch pins with no clock driven by root clock pin: reg_ID_EXE/rt_value_out_reg[10]/Q (HIGH)

 There are 64 register/latch pins with no clock driven by root clock pin: reg_ID_EXE/rt_value_out_reg[11]/Q (HIGH)

 There are 64 register/latch pins with no clock driven by root clock pin: reg_ID_EXE/rt_value_out_reg[12]/Q (HIGH)

 There are 64 register/latch pins with no clock driven by root clock pin: reg_ID_EXE/rt_value_out_reg[13]/Q (HIGH)

 There are 64 register/latch pins with no clock driven by root clock pin: reg_ID_EXE/rt_value_out_reg[14]/Q (HIGH)

 There are 64 register/latch pins with no clock driven by root clock pin: reg_ID_EXE/rt_value_out_reg[15]/Q (HIGH)

 There are 64 register/latch pins with no clock driven by root clock pin: reg_ID_EXE/rt_value_out_reg[16]/Q (HIGH)

 There are 64 register/latch pins with no clock driven by root clock pin: reg_ID_EXE/rt_value_out_reg[17]/Q (HIGH)

 There are 64 register/latch pins with no clock driven by root clock pin: reg_ID_EXE/rt_value_out_reg[18]/Q (HIGH)

 There are 64 register/latch pins with no clock driven by root clock pin: reg_ID_EXE/rt_value_out_reg[19]/Q (HIGH)

 There are 64 register/latch pins with no clock driven by root clock pin: reg_ID_EXE/rt_value_out_reg[1]/Q (HIGH)

 There are 64 register/latch pins with no clock driven by root clock pin: reg_ID_EXE/rt_value_out_reg[20]/Q (HIGH)

 There are 64 register/latch pins with no clock driven by root clock pin: reg_ID_EXE/rt_value_out_reg[21]/Q (HIGH)

 There are 64 register/latch pins with no clock driven by root clock pin: reg_ID_EXE/rt_value_out_reg[22]/Q (HIGH)

 There are 64 register/latch pins with no clock driven by root clock pin: reg_ID_EXE/rt_value_out_reg[23]/Q (HIGH)

 There are 64 register/latch pins with no clock driven by root clock pin: reg_ID_EXE/rt_value_out_reg[24]/Q (HIGH)

 There are 64 register/latch pins with no clock driven by root clock pin: reg_ID_EXE/rt_value_out_reg[25]/Q (HIGH)

 There are 64 register/latch pins with no clock driven by root clock pin: reg_ID_EXE/rt_value_out_reg[26]/Q (HIGH)

 There are 64 register/latch pins with no clock driven by root clock pin: reg_ID_EXE/rt_value_out_reg[27]/Q (HIGH)

 There are 64 register/latch pins with no clock driven by root clock pin: reg_ID_EXE/rt_value_out_reg[28]/Q (HIGH)

 There are 64 register/latch pins with no clock driven by root clock pin: reg_ID_EXE/rt_value_out_reg[29]/Q (HIGH)

 There are 64 register/latch pins with no clock driven by root clock pin: reg_ID_EXE/rt_value_out_reg[2]/Q (HIGH)

 There are 64 register/latch pins with no clock driven by root clock pin: reg_ID_EXE/rt_value_out_reg[30]/Q (HIGH)

 There are 64 register/latch pins with no clock driven by root clock pin: reg_ID_EXE/rt_value_out_reg[31]/Q (HIGH)

 There are 64 register/latch pins with no clock driven by root clock pin: reg_ID_EXE/rt_value_out_reg[3]/Q (HIGH)

 There are 64 register/latch pins with no clock driven by root clock pin: reg_ID_EXE/rt_value_out_reg[4]/Q (HIGH)

 There are 64 register/latch pins with no clock driven by root clock pin: reg_ID_EXE/rt_value_out_reg[5]/Q (HIGH)

 There are 64 register/latch pins with no clock driven by root clock pin: reg_ID_EXE/rt_value_out_reg[6]/Q (HIGH)

 There are 64 register/latch pins with no clock driven by root clock pin: reg_ID_EXE/rt_value_out_reg[7]/Q (HIGH)

 There are 64 register/latch pins with no clock driven by root clock pin: reg_ID_EXE/rt_value_out_reg[8]/Q (HIGH)

 There are 64 register/latch pins with no clock driven by root clock pin: reg_ID_EXE/rt_value_out_reg[9]/Q (HIGH)

 There are 64 register/latch pins with no clock driven by root clock pin: reg_ID_EXE/shamt_out_reg[0]/Q (HIGH)

 There are 64 register/latch pins with no clock driven by root clock pin: reg_ID_EXE/shamt_out_reg[1]/Q (HIGH)

 There are 64 register/latch pins with no clock driven by root clock pin: reg_ID_EXE/shamt_out_reg[2]/Q (HIGH)

 There are 64 register/latch pins with no clock driven by root clock pin: reg_ID_EXE/shamt_out_reg[3]/Q (HIGH)

 There are 64 register/latch pins with no clock driven by root clock pin: reg_ID_EXE/shamt_out_reg[4]/Q (HIGH)

 There are 64 register/latch pins with no clock driven by root clock pin: reg_MEM_WB/reg_write_control_out_reg/Q (HIGH)

 There are 64 register/latch pins with no clock driven by root clock pin: reg_MEM_WB/wb_data_out_reg[0]/Q (HIGH)

 There are 64 register/latch pins with no clock driven by root clock pin: reg_MEM_WB/wb_data_out_reg[10]/Q (HIGH)

 There are 64 register/latch pins with no clock driven by root clock pin: reg_MEM_WB/wb_data_out_reg[11]/Q (HIGH)

 There are 64 register/latch pins with no clock driven by root clock pin: reg_MEM_WB/wb_data_out_reg[12]/Q (HIGH)

 There are 64 register/latch pins with no clock driven by root clock pin: reg_MEM_WB/wb_data_out_reg[13]/Q (HIGH)

 There are 64 register/latch pins with no clock driven by root clock pin: reg_MEM_WB/wb_data_out_reg[14]/Q (HIGH)

 There are 64 register/latch pins with no clock driven by root clock pin: reg_MEM_WB/wb_data_out_reg[15]/Q (HIGH)

 There are 64 register/latch pins with no clock driven by root clock pin: reg_MEM_WB/wb_data_out_reg[16]/Q (HIGH)

 There are 64 register/latch pins with no clock driven by root clock pin: reg_MEM_WB/wb_data_out_reg[17]/Q (HIGH)

 There are 64 register/latch pins with no clock driven by root clock pin: reg_MEM_WB/wb_data_out_reg[18]/Q (HIGH)

 There are 64 register/latch pins with no clock driven by root clock pin: reg_MEM_WB/wb_data_out_reg[19]/Q (HIGH)

 There are 64 register/latch pins with no clock driven by root clock pin: reg_MEM_WB/wb_data_out_reg[1]/Q (HIGH)

 There are 64 register/latch pins with no clock driven by root clock pin: reg_MEM_WB/wb_data_out_reg[20]/Q (HIGH)

 There are 64 register/latch pins with no clock driven by root clock pin: reg_MEM_WB/wb_data_out_reg[21]/Q (HIGH)

 There are 64 register/latch pins with no clock driven by root clock pin: reg_MEM_WB/wb_data_out_reg[22]/Q (HIGH)

 There are 64 register/latch pins with no clock driven by root clock pin: reg_MEM_WB/wb_data_out_reg[23]/Q (HIGH)

 There are 64 register/latch pins with no clock driven by root clock pin: reg_MEM_WB/wb_data_out_reg[24]/Q (HIGH)

 There are 64 register/latch pins with no clock driven by root clock pin: reg_MEM_WB/wb_data_out_reg[25]/Q (HIGH)

 There are 64 register/latch pins with no clock driven by root clock pin: reg_MEM_WB/wb_data_out_reg[26]/Q (HIGH)

 There are 64 register/latch pins with no clock driven by root clock pin: reg_MEM_WB/wb_data_out_reg[27]/Q (HIGH)

 There are 64 register/latch pins with no clock driven by root clock pin: reg_MEM_WB/wb_data_out_reg[28]/Q (HIGH)

 There are 64 register/latch pins with no clock driven by root clock pin: reg_MEM_WB/wb_data_out_reg[29]/Q (HIGH)

 There are 64 register/latch pins with no clock driven by root clock pin: reg_MEM_WB/wb_data_out_reg[2]/Q (HIGH)

 There are 64 register/latch pins with no clock driven by root clock pin: reg_MEM_WB/wb_data_out_reg[30]/Q (HIGH)

 There are 64 register/latch pins with no clock driven by root clock pin: reg_MEM_WB/wb_data_out_reg[31]/Q (HIGH)

 There are 64 register/latch pins with no clock driven by root clock pin: reg_MEM_WB/wb_data_out_reg[3]/Q (HIGH)

 There are 64 register/latch pins with no clock driven by root clock pin: reg_MEM_WB/wb_data_out_reg[4]/Q (HIGH)

 There are 64 register/latch pins with no clock driven by root clock pin: reg_MEM_WB/wb_data_out_reg[5]/Q (HIGH)

 There are 64 register/latch pins with no clock driven by root clock pin: reg_MEM_WB/wb_data_out_reg[6]/Q (HIGH)

 There are 64 register/latch pins with no clock driven by root clock pin: reg_MEM_WB/wb_data_out_reg[7]/Q (HIGH)

 There are 64 register/latch pins with no clock driven by root clock pin: reg_MEM_WB/wb_data_out_reg[8]/Q (HIGH)

 There are 64 register/latch pins with no clock driven by root clock pin: reg_MEM_WB/wb_data_out_reg[9]/Q (HIGH)

 There are 64 register/latch pins with no clock driven by root clock pin: reg_MEM_WB/write_register_out_reg[0]/Q (HIGH)

 There are 64 register/latch pins with no clock driven by root clock pin: reg_MEM_WB/write_register_out_reg[1]/Q (HIGH)

 There are 64 register/latch pins with no clock driven by root clock pin: reg_MEM_WB/write_register_out_reg[2]/Q (HIGH)

 There are 64 register/latch pins with no clock driven by root clock pin: reg_MEM_WB/write_register_out_reg[3]/Q (HIGH)

 There are 64 register/latch pins with no clock driven by root clock pin: reg_MEM_WB/write_register_out_reg[4]/Q (HIGH)


2. checking constant_clock
--------------------------
 There are 0 register/latch pins with constant_clock.


3. checking pulse_width_clock
-----------------------------
 There are 0 register/latch pins which need pulse_width check


4. checking unconstrained_internal_endpoints
--------------------------------------------
 There are 7518 pins that are not constrained for maximum delay. (HIGH)

 There are 0 pins that are not constrained for maximum delay due to constant clock.


5. checking no_input_delay
--------------------------
 There are 15 input ports with no input delay specified. (HIGH)

 There are 0 input ports with no input delay but user has a false path constraint.


6. checking no_output_delay
---------------------------
 There are 9 ports with no output delay specified. (HIGH)

 There are 0 ports with no output delay but user has a false path constraint

 There are 0 ports with no output delay but with a timing clock defined on it or propagating through it


7. checking multiple_clock
--------------------------
 There are 0 register/latch pins with multiple clocks.


8. checking generated_clocks
----------------------------
 There are 0 generated clocks that are not connected to a clock source.


9. checking loops
-----------------
 There are 0 combinational loops in the design.


10. checking partial_input_delay
--------------------------------
 There are 0 input ports with partial input delay specified.


11. checking partial_output_delay
---------------------------------
 There are 0 ports with partial output delay specified.


12. checking latch_loops
------------------------
 There are 0 combinational latch loops in the design through latch input



------------------------------------------------------------------------------------------------
| Design Timing Summary
| ---------------------
------------------------------------------------------------------------------------------------

    WNS(ns)      TNS(ns)  TNS Failing Endpoints  TNS Total Endpoints      WHS(ns)      THS(ns)  THS Failing Endpoints  THS Total Endpoints     WPWS(ns)     TPWS(ns)  TPWS Failing Endpoints  TPWS Total Endpoints  
    -------      -------  ---------------------  -------------------      -------      -------  ---------------------  -------------------     --------     --------  ----------------------  --------------------  
         NA           NA                     NA                   NA           NA           NA                     NA                   NA           NA           NA                      NA                    NA  


There are no user specified timing constraints.


------------------------------------------------------------------------------------------------
| Clock Summary
| -------------
------------------------------------------------------------------------------------------------


------------------------------------------------------------------------------------------------
| Intra Clock Table
| -----------------
------------------------------------------------------------------------------------------------

Clock             WNS(ns)      TNS(ns)  TNS Failing Endpoints  TNS Total Endpoints      WHS(ns)      THS(ns)  THS Failing Endpoints  THS Total Endpoints     WPWS(ns)     TPWS(ns)  TPWS Failing Endpoints  TPWS Total Endpoints  
-----             -------      -------  ---------------------  -------------------      -------      -------  ---------------------  -------------------     --------     --------  ----------------------  --------------------  


------------------------------------------------------------------------------------------------
| Inter Clock Table
| -----------------
------------------------------------------------------------------------------------------------

From Clock    To Clock          WNS(ns)      TNS(ns)  TNS Failing Endpoints  TNS Total Endpoints      WHS(ns)      THS(ns)  THS Failing Endpoints  THS Total Endpoints  
----------    --------          -------      -------  ---------------------  -------------------      -------      -------  ---------------------  -------------------  


------------------------------------------------------------------------------------------------
| Other Path Groups Table
| -----------------------
------------------------------------------------------------------------------------------------

Path Group    From Clock    To Clock          WNS(ns)      TNS(ns)  TNS Failing Endpoints  TNS Total Endpoints      WHS(ns)      THS(ns)  THS Failing Endpoints  THS Total Endpoints  
----------    ----------    --------          -------      -------  ---------------------  -------------------      -------      -------  ---------------------  -------------------  


------------------------------------------------------------------------------------------------
| Timing Details
| --------------
------------------------------------------------------------------------------------------------


