INFO: [VRFC 10-2263] Analyzing Verilog file "D:/Studying/Academic/HCMUT/222/ComputerArchitecture/Assignments/ThayBinh/Mips_Pipeline/Mips_Pipeline.srcs/sources_1/new/ALU.v" into library xil_defaultlib
INFO: [VRFC 10-311] analyzing module ALU
INFO: [VRFC 10-2263] Analyzing Verilog file "D:/Studying/Academic/HCMUT/222/ComputerArchitecture/Assignments/ThayBinh/Mips_Pipeline/Mips_Pipeline.srcs/sources_1/new/DMEM.v" into library xil_defaultlib
INFO: [VRFC 10-311] analyzing module DMEM
INFO: [VRFC 10-2263] Analyzing Verilog file "D:/Studying/Academic/HCMUT/222/ComputerArchitecture/Assignments/ThayBinh/Mips_Pipeline/Mips_Pipeline.srcs/sources_1/new/EXE_stage.v" into library xil_defaultlib
INFO: [VRFC 10-311] analyzing module EXE_stage
INFO: [VRFC 10-2263] Analyzing Verilog file "D:/Studying/Academic/HCMUT/222/ComputerArchitecture/Assignments/ThayBinh/Mips_Pipeline/Mips_Pipeline.srcs/sources_1/new/ID_stage.v" into library xil_defaultlib
INFO: [VRFC 10-311] analyzing module ID_stage
INFO: [VRFC 10-2263] Analyzing Verilog file "D:/Studying/Academic/HCMUT/222/ComputerArchitecture/Assignments/ThayBinh/Mips_Pipeline/Mips_Pipeline.srcs/sources_1/new/IF_stage.v" into library xil_defaultlib
INFO: [VRFC 10-311] analyzing module IF_stage
INFO: [VRFC 10-2263] Analyzing Verilog file "D:/Studying/Academic/HCMUT/222/ComputerArchitecture/Assignments/ThayBinh/Mips_Pipeline/Mips_Pipeline.srcs/sources_1/new/IMEM.v" into library xil_defaultlib
INFO: [VRFC 10-311] analyzing module IMEM
INFO: [VRFC 10-2263] Analyzing Verilog file "D:/Studying/Academic/HCMUT/222/ComputerArchitecture/Assignments/ThayBinh/Mips_Pipeline/Mips_Pipeline.srcs/sources_1/new/MEM_stage.v" into library xil_defaultlib
INFO: [VRFC 10-311] analyzing module MEM_stage
INFO: [VRFC 10-2263] Analyzing Verilog file "D:/Studying/Academic/HCMUT/222/ComputerArchitecture/Assignments/ThayBinh/Mips_Pipeline/Mips_Pipeline.srcs/sources_1/new/REG.v" into library xil_defaultlib
INFO: [VRFC 10-311] analyzing module REG
INFO: [VRFC 10-2263] Analyzing Verilog file "D:/Studying/Academic/HCMUT/222/ComputerArchitecture/Assignments/ThayBinh/Mips_Pipeline/Mips_Pipeline.srcs/sources_1/new/WB_stage.v" into library xil_defaultlib
INFO: [VRFC 10-311] analyzing module WB_stage
INFO: [VRFC 10-2263] Analyzing Verilog file "D:/Studying/Academic/HCMUT/222/ComputerArchitecture/Assignments/ThayBinh/Mips_Pipeline/Mips_Pipeline.srcs/sources_1/new/adder32bit.v" into library xil_defaultlib
INFO: [VRFC 10-311] analyzing module adder32bit
INFO: [VRFC 10-2263] Analyzing Verilog file "D:/Studying/Academic/HCMUT/222/ComputerArchitecture/Assignments/ThayBinh/Mips_Pipeline/Mips_Pipeline.srcs/sources_1/new/alu_control.v" into library xil_defaultlib
INFO: [VRFC 10-311] analyzing module alu_control
INFO: [VRFC 10-2263] Analyzing Verilog file "D:/Studying/Academic/HCMUT/222/ComputerArchitecture/Assignments/ThayBinh/Mips_Pipeline/Mips_Pipeline.srcs/sources_1/new/control.v" into library xil_defaultlib
INFO: [VRFC 10-311] analyzing module control
INFO: [VRFC 10-2263] Analyzing Verilog file "D:/Studying/Academic/HCMUT/222/ComputerArchitecture/Assignments/ThayBinh/Mips_Pipeline/Mips_Pipeline.srcs/sources_1/new/mux_2_to_1.v" into library xil_defaultlib
INFO: [VRFC 10-311] analyzing module mux_2_to_1
INFO: [VRFC 10-2263] Analyzing Verilog file "D:/Studying/Academic/HCMUT/222/ComputerArchitecture/Assignments/ThayBinh/Mips_Pipeline/Mips_Pipeline.srcs/sources_1/new/mux_4_to_1.v" into library xil_defaultlib
INFO: [VRFC 10-311] analyzing module mux_4_to_1
INFO: [VRFC 10-2263] Analyzing Verilog file "D:/Studying/Academic/HCMUT/222/ComputerArchitecture/Assignments/ThayBinh/Mips_Pipeline/Mips_Pipeline.srcs/sources_1/new/reg_EXE_MEM.v" into library xil_defaultlib
INFO: [VRFC 10-311] analyzing module reg_EXE_MEM
INFO: [VRFC 10-2263] Analyzing Verilog file "D:/Studying/Academic/HCMUT/222/ComputerArchitecture/Assignments/ThayBinh/Mips_Pipeline/Mips_Pipeline.srcs/sources_1/new/reg_ID_EXE.v" into library xil_defaultlib
INFO: [VRFC 10-311] analyzing module reg_ID_EXE
INFO: [VRFC 10-2263] Analyzing Verilog file "D:/Studying/Academic/HCMUT/222/ComputerArchitecture/Assignments/ThayBinh/Mips_Pipeline/Mips_Pipeline.srcs/sources_1/new/reg_IF_ID.v" into library xil_defaultlib
INFO: [VRFC 10-311] analyzing module reg_IF_ID
INFO: [VRFC 10-2263] Analyzing Verilog file "D:/Studying/Academic/HCMUT/222/ComputerArchitecture/Assignments/ThayBinh/Mips_Pipeline/Mips_Pipeline.srcs/sources_1/new/reg_MEM_WB.v" into library xil_defaultlib
INFO: [VRFC 10-311] analyzing module reg_MEM_WB
INFO: [VRFC 10-2263] Analyzing Verilog file "D:/Studying/Academic/HCMUT/222/ComputerArchitecture/Assignments/ThayBinh/Mips_Pipeline/Mips_Pipeline.srcs/sources_1/new/register8bit.v" into library xil_defaultlib
INFO: [VRFC 10-311] analyzing module register8bit
INFO: [VRFC 10-2263] Analyzing Verilog file "D:/Studying/Academic/HCMUT/222/ComputerArchitecture/Assignments/ThayBinh/Mips_Pipeline/Mips_Pipeline.srcs/sources_1/new/shift_left_two.v" into library xil_defaultlib
INFO: [VRFC 10-311] analyzing module shift_left_two
INFO: [VRFC 10-2263] Analyzing Verilog file "D:/Studying/Academic/HCMUT/222/ComputerArchitecture/Assignments/ThayBinh/Mips_Pipeline/Mips_Pipeline.srcs/sources_1/new/sign_extender.v" into library xil_defaultlib
INFO: [VRFC 10-311] analyzing module sign_extender
INFO: [VRFC 10-2263] Analyzing Verilog file "D:/Studying/Academic/HCMUT/222/ComputerArchitecture/Assignments/ThayBinh/Mips_Pipeline/Mips_Pipeline.srcs/sources_1/new/system.v" into library xil_defaultlib
INFO: [VRFC 10-311] analyzing module system
INFO: [VRFC 10-2263] Analyzing Verilog file "D:/Studying/Academic/HCMUT/222/ComputerArchitecture/Assignments/ThayBinh/Mips_Pipeline/Mips_Pipeline.srcs/sim_1/new/add_instruction_tb0.v" into library xil_defaultlib
INFO: [VRFC 10-311] analyzing module add_instruction_tb0
